TN:
SF:src\server.ts
FN:73,(anonymous_1)
FN:83,(anonymous_2)
FN:91,(anonymous_3)
FN:101,(anonymous_4)
FN:110,(anonymous_5)
FN:180,(anonymous_6)
FN:196,(anonymous_7)
FN:210,(anonymous_8)
FN:218,(anonymous_9)
FN:224,(anonymous_10)
FN:229,(anonymous_11)
FN:237,(anonymous_12)
FN:243,(anonymous_13)
FNF:13
FNH:1
FNDA:30,(anonymous_1)
FNDA:0,(anonymous_2)
FNDA:0,(anonymous_3)
FNDA:0,(anonymous_4)
FNDA:0,(anonymous_5)
FNDA:0,(anonymous_6)
FNDA:0,(anonymous_7)
FNDA:0,(anonymous_8)
FNDA:0,(anonymous_9)
FNDA:0,(anonymous_10)
FNDA:0,(anonymous_11)
FNDA:0,(anonymous_12)
FNDA:0,(anonymous_13)
DA:2,1
DA:3,1
DA:4,1
DA:5,1
DA:8,1
DA:9,1
DA:11,1
DA:12,1
DA:13,1
DA:14,1
DA:15,1
DA:16,1
DA:17,1
DA:18,1
DA:19,1
DA:20,1
DA:21,1
DA:22,1
DA:23,1
DA:24,1
DA:25,1
DA:26,1
DA:27,1
DA:28,1
DA:29,1
DA:30,1
DA:38,1
DA:47,1
DA:48,1
DA:51,1
DA:53,1
DA:56,1
DA:64,1
DA:69,1
DA:70,1
DA:73,1
DA:74,30
DA:75,30
DA:76,30
DA:80,1
DA:83,1
DA:84,0
DA:91,1
DA:92,0
DA:101,1
DA:102,0
DA:110,1
DA:111,0
DA:121,1
DA:127,1
DA:128,1
DA:129,1
DA:130,1
DA:131,1
DA:132,1
DA:133,1
DA:134,1
DA:135,1
DA:136,1
DA:141,1
DA:142,1
DA:143,1
DA:144,1
DA:145,1
DA:146,1
DA:147,1
DA:148,1
DA:149,1
DA:150,1
DA:151,1
DA:152,1
DA:153,1
DA:154,1
DA:155,1
DA:156,1
DA:157,1
DA:160,1
DA:161,1
DA:162,1
DA:163,1
DA:164,1
DA:165,1
DA:166,1
DA:167,1
DA:168,1
DA:169,1
DA:170,1
DA:171,1
DA:172,1
DA:175,1
DA:176,1
DA:177,1
DA:180,1
DA:181,0
DA:182,0
DA:183,0
DA:186,0
DA:187,0
DA:189,0
DA:190,0
DA:191,0
DA:196,1
DA:197,0
DA:200,0
DA:201,0
DA:204,0
DA:205,0
DA:207,0
DA:210,0
DA:211,0
DA:212,0
DA:213,0
DA:214,0
DA:218,0
DA:219,0
DA:220,0
DA:224,0
DA:225,0
DA:229,0
DA:230,0
DA:231,0
DA:236,1
DA:237,0
DA:238,0
DA:239,0
DA:243,0
DA:244,0
DA:245,0
DA:249,1
LF:129
LH:92
BRDA:48,0,0,1
BRDA:48,0,1,0
BRDA:56,1,0,1
BRDA:56,1,1,0
BRDA:74,2,0,30
BRDA:74,2,1,30
BRDA:87,3,0,0
BRDA:87,3,1,0
BRDA:95,4,0,0
BRDA:95,4,1,0
BRDA:182,5,0,0
BRDA:213,6,0,0
BRDA:213,6,1,0
BRDA:236,7,0,0
BRF:14
BRH:4
end_of_record
TN:
SF:src\start-worker.ts
FN:18,(anonymous_1)
FN:21,(anonymous_2)
FN:27,(anonymous_3)
FN:31,(anonymous_4)
FN:35,(anonymous_5)
FN:42,(anonymous_6)
FNF:6
FNH:0
FNDA:0,(anonymous_1)
FNDA:0,(anonymous_2)
FNDA:0,(anonymous_3)
FNDA:0,(anonymous_4)
FNDA:0,(anonymous_5)
FNDA:0,(anonymous_6)
DA:2,0
DA:3,0
DA:4,0
DA:5,0
DA:8,0
DA:9,0
DA:10,0
DA:12,0
DA:15,0
DA:16,0
DA:19,0
DA:22,0
DA:23,0
DA:27,0
DA:28,0
DA:31,0
DA:32,0
DA:35,0
DA:36,0
DA:39,0
DA:42,0
DA:43,0
DA:44,0
DA:45,0
DA:46,0
LF:25
LH:0
BRF:0
BRH:0
end_of_record
TN:
SF:src\test-gemini.ts.ts
FN:7,testGemini
FNF:1
FNH:0
FNDA:0,testGemini
DA:2,0
DA:3,0
DA:5,0
DA:8,0
DA:10,0
DA:11,0
DA:12,0
DA:15,0
DA:17,0
DA:20,0
DA:28,0
DA:29,0
DA:30,0
DA:31,0
DA:32,0
DA:33,0
DA:34,0
DA:35,0
DA:37,0
DA:38,0
DA:41,0
DA:42,0
DA:43,0
DA:44,0
DA:49,0
DA:50,0
DA:53,0
LF:27
LH:0
BRDA:10,0,0,0
BRDA:42,1,0,0
BRF:2
BRH:0
end_of_record
TN:
SF:src\config\env.ts
FN:4,(anonymous_0)
FN:37,(anonymous_1)
FN:46,(anonymous_2)
FNF:3
FNH:1
FNDA:1,(anonymous_0)
FNDA:0,(anonymous_1)
FNDA:0,(anonymous_2)
DA:4,1
DA:5,1
DA:11,1
DA:19,1
DA:20,1
DA:22,1
DA:23,3
DA:24,0
DA:28,1
DA:29,5
DA:30,0
DA:34,1
DA:35,0
DA:37,0
DA:43,1
DA:44,0
DA:46,0
DA:52,1
LF:18
LH:12
BRDA:23,0,0,0
BRDA:29,1,0,0
BRDA:34,2,0,0
BRDA:43,3,0,0
BRF:4
BRH:0
end_of_record
TN:
SF:src\config\google.ts
FNF:0
FNH:0
DA:1,1
DA:3,1
DA:9,1
DA:11,1
LF:4
LH:4
BRF:0
BRH:0
end_of_record
TN:
SF:src\config\quota.config.ts
FNF:0
FNH:0
DA:1,1
LF:1
LH:1
BRF:0
BRH:0
end_of_record
TN:
SF:src\controllers\admin.controller.ts
FN:15,(anonymous_1)
FN:90,(anonymous_2)
FN:102,(anonymous_3)
FN:154,(anonymous_4)
FN:157,(anonymous_5)
FN:158,(anonymous_6)
FN:176,(anonymous_7)
FN:181,(anonymous_8)
FN:183,(anonymous_9)
FN:196,(anonymous_10)
FN:224,(anonymous_11)
FN:254,(anonymous_12)
FN:283,(anonymous_13)
FN:307,(anonymous_14)
FN:341,(anonymous_15)
FN:349,(anonymous_16)
FN:370,(anonymous_17)
FN:414,(anonymous_18)
FN:494,(anonymous_19)
FN:531,(anonymous_20)
FN:564,(anonymous_21)
FN:593,(anonymous_22)
FNF:22
FNH:0
FNDA:0,(anonymous_1)
FNDA:0,(anonymous_2)
FNDA:0,(anonymous_3)
FNDA:0,(anonymous_4)
FNDA:0,(anonymous_5)
FNDA:0,(anonymous_6)
FNDA:0,(anonymous_7)
FNDA:0,(anonymous_8)
FNDA:0,(anonymous_9)
FNDA:0,(anonymous_10)
FNDA:0,(anonymous_11)
FNDA:0,(anonymous_12)
FNDA:0,(anonymous_13)
FNDA:0,(anonymous_14)
FNDA:0,(anonymous_15)
FNDA:0,(anonymous_16)
FNDA:0,(anonymous_17)
FNDA:0,(anonymous_18)
FNDA:0,(anonymous_19)
FNDA:0,(anonymous_20)
FNDA:0,(anonymous_21)
FNDA:0,(anonymous_22)
DA:2,1
DA:3,1
DA:4,1
DA:5,1
DA:6,1
DA:7,1
DA:8,1
DA:9,1
DA:11,1
DA:12,1
DA:15,1
DA:16,0
DA:17,0
DA:18,0
DA:19,0
DA:20,0
DA:38,0
DA:78,0
DA:90,0
DA:96,0
DA:97,0
DA:102,1
DA:103,0
DA:104,0
DA:105,0
DA:106,0
DA:107,0
DA:108,0
DA:109,0
DA:110,0
DA:111,0
DA:112,0
DA:113,0
DA:114,0
DA:115,0
DA:116,0
DA:118,0
DA:120,0
DA:121,0
DA:128,0
DA:130,0
DA:131,0
DA:132,0
DA:133,0
DA:134,0
DA:135,0
DA:136,0
DA:140,0
DA:141,0
DA:142,0
DA:147,0
DA:148,0
DA:149,0
DA:150,0
DA:154,0
DA:155,0
DA:156,0
DA:157,0
DA:158,0
DA:160,0
DA:166,0
DA:176,0
DA:177,0
DA:181,0
DA:183,0
DA:188,0
DA:190,0
DA:191,0
DA:196,1
DA:197,0
DA:198,0
DA:199,0
DA:200,0
DA:201,0
DA:204,0
DA:211,0
DA:212,0
DA:213,0
DA:216,0
DA:218,0
DA:219,0
DA:224,1
DA:225,0
DA:226,0
DA:227,0
DA:228,0
DA:229,0
DA:231,0
DA:232,0
DA:233,0
DA:235,0
DA:246,0
DA:248,0
DA:249,0
DA:254,1
DA:255,0
DA:256,0
DA:257,0
DA:259,0
DA:260,0
DA:261,0
DA:264,0
DA:265,0
DA:266,0
DA:269,0
DA:270,0
DA:271,0
DA:272,0
DA:275,0
DA:277,0
DA:278,0
DA:283,1
DA:284,0
DA:285,0
DA:286,0
DA:288,0
DA:289,0
DA:290,0
DA:293,0
DA:294,0
DA:295,0
DA:296,0
DA:299,0
DA:301,0
DA:302,0
DA:307,1
DA:308,0
DA:309,0
DA:310,0
DA:312,0
DA:333,0
DA:335,0
DA:336,0
DA:341,1
DA:342,0
DA:343,0
DA:349,0
DA:358,0
DA:364,0
DA:365,0
DA:370,1
DA:371,0
DA:372,0
DA:373,0
DA:374,0
DA:376,0
DA:379,0
DA:380,0
DA:381,0
DA:382,0
DA:385,0
DA:386,0
DA:387,0
DA:388,0
DA:389,0
DA:390,0
DA:391,0
DA:395,0
DA:406,0
DA:408,0
DA:409,0
DA:414,1
DA:415,0
DA:416,0
DA:486,0
DA:488,0
DA:489,0
DA:494,1
DA:495,0
DA:496,0
DA:498,0
DA:499,0
DA:500,0
DA:503,0
DA:504,0
DA:505,0
DA:506,0
DA:509,0
DA:510,0
DA:511,0
DA:513,0
DA:523,0
DA:525,0
DA:526,0
DA:531,1
DA:532,0
DA:533,0
DA:535,0
DA:536,0
DA:537,0
DA:540,0
DA:542,0
DA:543,0
DA:544,0
DA:545,0
DA:548,0
DA:555,0
DA:556,0
DA:558,0
DA:559,0
DA:564,1
DA:565,0
DA:566,0
DA:567,0
DA:569,0
DA:570,0
DA:571,0
DA:574,0
DA:575,0
DA:576,0
DA:577,0
DA:579,0
DA:580,0
DA:581,0
DA:582,0
DA:585,0
DA:587,0
DA:588,0
DA:593,1
DA:594,0
DA:595,0
DA:597,0
DA:598,0
DA:599,0
DA:602,0
DA:603,0
DA:604,0
DA:605,0
DA:608,0
DA:609,0
DA:615,0
DA:618,0
DA:619,0
DA:621,0
DA:622,0
LF:235
LH:24
BRDA:104,0,0,0
BRDA:104,0,1,0
BRDA:105,1,0,0
BRDA:105,1,1,0
BRDA:116,2,0,0
BRDA:116,2,1,0
BRDA:120,3,0,0
BRDA:128,4,0,0
BRDA:128,5,0,0
BRDA:128,5,1,0
BRDA:130,6,0,0
BRDA:130,7,0,0
BRDA:130,7,1,0
BRDA:132,8,0,0
BRDA:133,9,0,0
BRDA:140,10,0,0
BRDA:147,11,0,0
BRDA:147,11,1,0
BRDA:149,12,0,0
BRDA:154,13,0,0
BRDA:155,14,0,0
BRDA:156,15,0,0
BRDA:157,16,0,0
BRDA:158,17,0,0
BRDA:169,18,0,0
BRDA:169,18,1,0
BRDA:185,19,0,0
BRDA:185,19,1,0
BRDA:199,20,0,0
BRDA:211,21,0,0
BRDA:226,22,0,0
BRDA:226,22,1,0
BRDA:227,23,0,0
BRDA:227,23,1,0
BRDA:232,24,0,0
BRDA:233,25,0,0
BRDA:259,26,0,0
BRDA:264,27,0,0
BRDA:264,28,0,0
BRDA:264,28,1,0
BRDA:270,29,0,0
BRDA:288,30,0,0
BRDA:294,31,0,0
BRDA:299,32,0,0
BRDA:299,32,1,0
BRDA:372,33,0,0
BRDA:372,33,1,0
BRDA:373,34,0,0
BRDA:373,34,1,0
BRDA:379,35,0,0
BRDA:379,35,1,0
BRDA:381,36,0,0
BRDA:385,37,0,0
BRDA:385,38,0,0
BRDA:385,38,1,0
BRDA:387,39,0,0
BRDA:388,40,0,0
BRDA:498,41,0,0
BRDA:504,42,0,0
BRDA:509,43,0,0
BRDA:509,43,1,0
BRDA:510,44,0,0
BRDA:510,44,1,0
BRDA:535,45,0,0
BRDA:535,46,0,0
BRDA:535,46,1,0
BRDA:543,47,0,0
BRDA:569,48,0,0
BRDA:575,49,0,0
BRDA:576,50,0,0
BRDA:577,51,0,0
BRDA:580,52,0,0
BRDA:597,53,0,0
BRDA:603,54,0,0
BRDA:608,55,0,0
BRF:75
BRH:0
end_of_record
TN:
SF:src\controllers\auth.controller.ts
FN:12,generateUniqueUserCode
FN:23,(anonymous_11)
FN:97,(anonymous_12)
FN:152,(anonymous_13)
FN:223,(anonymous_14)
FN:380,(anonymous_15)
FN:470,(anonymous_16)
FN:515,(anonymous_17)
FN:547,(anonymous_18)
FN:609,(anonymous_19)
FN:689,(anonymous_20)
FN:737,(anonymous_21)
FN:812,(anonymous_22)
FN:822,(anonymous_23)
FN:823,(anonymous_24)
FN:824,(anonymous_25)
FN:825,(anonymous_26)
FN:826,(anonymous_27)
FN:827,(anonymous_28)
FN:862,(anonymous_29)
FNF:20
FNH:2
FNDA:6,generateUniqueUserCode
FNDA:6,(anonymous_11)
FNDA:0,(anonymous_12)
FNDA:0,(anonymous_13)
FNDA:0,(anonymous_14)
FNDA:0,(anonymous_15)
FNDA:0,(anonymous_16)
FNDA:0,(anonymous_17)
FNDA:0,(anonymous_18)
FNDA:0,(anonymous_19)
FNDA:0,(anonymous_20)
FNDA:0,(anonymous_21)
FNDA:0,(anonymous_22)
FNDA:0,(anonymous_23)
FNDA:0,(anonymous_24)
FNDA:0,(anonymous_25)
FNDA:0,(anonymous_26)
FNDA:0,(anonymous_27)
FNDA:0,(anonymous_28)
FNDA:0,(anonymous_29)
DA:2,1
DA:3,1
DA:4,1
DA:6,1
DA:7,1
DA:8,1
DA:9,1
DA:10,1
DA:13,6
DA:14,6
DA:15,6
DA:16,6
DA:17,6
DA:18,6
DA:20,0
DA:23,1
DA:24,6
DA:25,6
DA:28,6
DA:29,6
DA:30,0
DA:36,0
DA:40,6
DA:44,6
DA:45,0
DA:53,0
DA:57,6
DA:64,6
DA:65,6
DA:66,6
DA:68,6
DA:71,6
DA:90,0
DA:91,0
DA:97,1
DA:98,0
DA:99,0
DA:102,0
DA:104,0
DA:105,0
DA:108,0
DA:112,0
DA:114,0
DA:115,0
DA:118,0
DA:121,0
DA:124,0
DA:145,0
DA:146,0
DA:152,1
DA:153,0
DA:155,0
DA:157,0
DA:158,0
DA:161,0
DA:165,0
DA:166,0
DA:167,0
DA:175,0
DA:178,0
DA:179,0
DA:180,0
DA:181,0
DA:183,0
DA:187,0
DA:215,0
DA:216,0
DA:223,1
DA:224,0
DA:225,0
DA:227,0
DA:228,0
DA:231,0
DA:239,0
DA:241,0
DA:246,0
DA:248,0
DA:249,0
DA:252,0
DA:255,0
DA:256,0
DA:257,0
DA:258,0
DA:259,0
DA:261,0
DA:265,0
DA:266,0
DA:269,0
DA:272,0
DA:280,0
DA:281,0
DA:283,0
DA:284,0
DA:286,0
DA:287,0
DA:289,0
DA:290,0
DA:294,0
DA:295,0
DA:298,0
DA:301,0
DA:302,0
DA:305,0
DA:309,0
DA:313,0
DA:315,0
DA:317,0
DA:318,0
DA:319,0
DA:320,0
DA:321,0
DA:323,0
DA:327,0
DA:329,0
DA:330,0
DA:332,0
DA:342,0
DA:343,0
DA:344,0
DA:347,0
DA:349,0
DA:372,0
DA:373,0
DA:380,1
DA:381,0
DA:382,0
DA:384,0
DA:385,0
DA:388,0
DA:392,0
DA:397,0
DA:399,0
DA:401,0
DA:402,0
DA:405,0
DA:408,0
DA:409,0
DA:411,0
DA:412,0
DA:413,0
DA:414,0
DA:415,0
DA:418,0
DA:419,0
DA:420,0
DA:421,0
DA:423,0
DA:432,0
DA:433,0
DA:434,0
DA:437,0
DA:439,0
DA:462,0
DA:463,0
DA:470,1
DA:471,0
DA:472,0
DA:474,0
DA:475,0
DA:478,0
DA:483,0
DA:484,0
DA:486,0
DA:487,0
DA:490,0
DA:492,0
DA:493,0
DA:496,0
DA:498,0
DA:502,0
DA:504,0
DA:505,0
DA:508,0
DA:512,0
DA:513,0
DA:514,0
DA:515,0
DA:518,0
DA:521,0
DA:522,0
DA:523,0
DA:526,0
DA:530,0
DA:533,0
DA:535,0
DA:539,0
DA:540,0
DA:547,1
DA:548,0
DA:549,0
DA:550,0
DA:553,0
DA:554,0
DA:555,0
DA:556,0
DA:559,0
DA:563,0
DA:573,0
DA:574,0
DA:577,0
DA:580,0
DA:601,0
DA:602,0
DA:609,1
DA:610,0
DA:611,0
DA:612,0
DA:615,0
DA:616,0
DA:617,0
DA:618,0
DA:621,0
DA:625,0
DA:640,0
DA:641,0
DA:644,0
DA:648,0
DA:649,0
DA:650,0
DA:657,0
DA:681,0
DA:682,0
DA:689,1
DA:690,0
DA:691,0
DA:693,0
DA:699,0
DA:700,0
DA:703,0
DA:706,0
DA:725,0
DA:726,0
DA:737,1
DA:738,0
DA:739,0
DA:742,0
DA:743,0
DA:744,0
DA:748,0
DA:751,0
DA:752,0
DA:753,0
DA:759,0
DA:763,0
DA:769,0
DA:770,0
DA:776,0
DA:780,0
DA:782,0
DA:783,0
DA:789,0
DA:793,0
DA:800,0
DA:801,0
DA:812,1
DA:813,0
DA:814,0
DA:816,0
DA:817,0
DA:818,0
DA:822,0
DA:823,0
DA:824,0
DA:825,0
DA:826,0
DA:827,0
DA:829,0
DA:832,0
DA:841,0
DA:844,0
DA:846,0
DA:848,0
DA:855,0
DA:856,0
DA:862,1
DA:863,0
DA:864,0
DA:865,0
DA:866,0
DA:869,0
DA:870,0
DA:872,0
DA:873,0
DA:874,0
DA:877,0
DA:878,0
DA:879,0
DA:880,0
DA:883,0
DA:884,0
DA:885,0
DA:887,0
DA:891,0
DA:892,0
DA:893,0
DA:895,0
DA:896,0
DA:898,0
DA:900,0
DA:912,0
DA:913,0
LF:301
LH:38
BRDA:18,0,0,6
BRDA:29,1,0,0
BRDA:44,2,0,0
BRDA:47,3,0,0
BRDA:47,3,1,0
BRDA:104,4,0,0
BRDA:114,5,0,0
BRDA:157,6,0,0
BRDA:165,7,0,0
BRDA:167,8,0,0
BRDA:167,8,1,0
BRDA:179,9,0,0
BRDA:204,10,0,0
BRDA:204,10,1,0
BRDA:205,11,0,0
BRDA:205,11,1,0
BRDA:227,12,0,0
BRDA:227,13,0,0
BRDA:227,13,1,0
BRDA:239,14,0,0
BRDA:239,14,1,0
BRDA:248,15,0,0
BRDA:259,16,0,0
BRDA:265,17,0,0
BRDA:280,18,0,0
BRDA:283,19,0,0
BRDA:286,20,0,0
BRDA:289,21,0,0
BRDA:294,22,0,0
BRDA:301,23,0,0
BRDA:315,24,0,0
BRDA:315,24,1,0
BRDA:317,25,0,0
BRDA:320,26,0,0
BRDA:320,27,0,0
BRDA:320,27,1,0
BRDA:334,28,0,0
BRDA:334,28,1,0
BRDA:349,29,0,0
BRDA:349,29,1,0
BRDA:368,30,0,0
BRDA:368,30,1,0
BRDA:384,31,0,0
BRDA:399,32,0,0
BRDA:399,32,1,0
BRDA:401,33,0,0
BRDA:411,34,0,0
BRDA:411,34,1,0
BRDA:412,35,0,0
BRDA:419,36,0,0
BRDA:419,36,1,0
BRDA:439,37,0,0
BRDA:439,37,1,0
BRDA:458,38,0,0
BRDA:458,38,1,0
BRDA:474,39,0,0
BRDA:486,40,0,0
BRDA:492,41,0,0
BRDA:504,42,0,0
BRDA:514,43,0,0
BRDA:514,43,1,0
BRDA:515,44,0,0
BRDA:515,44,1,0
BRDA:518,45,0,0
BRDA:553,46,0,0
BRDA:555,47,0,0
BRDA:566,48,0,0
BRDA:566,48,1,0
BRDA:567,49,0,0
BRDA:567,49,1,0
BRDA:568,50,0,0
BRDA:568,50,1,0
BRDA:573,51,0,0
BRDA:615,52,0,0
BRDA:617,53,0,0
BRDA:629,54,0,0
BRDA:629,54,1,0
BRDA:630,55,0,0
BRDA:630,55,1,0
BRDA:631,56,0,0
BRDA:631,56,1,0
BRDA:632,57,0,0
BRDA:632,57,1,0
BRDA:633,58,0,0
BRDA:633,58,1,0
BRDA:634,59,0,0
BRDA:634,59,1,0
BRDA:635,60,0,0
BRDA:635,60,1,0
BRDA:640,61,0,0
BRDA:648,62,0,0
BRDA:650,63,0,0
BRDA:650,63,1,0
BRDA:699,64,0,0
BRDA:739,65,0,0
BRDA:739,65,1,0
BRDA:742,66,0,0
BRDA:742,67,0,0
BRDA:742,67,1,0
BRDA:752,68,0,0
BRDA:769,69,0,0
BRDA:782,70,0,0
BRDA:816,71,0,0
BRDA:864,72,0,0
BRDA:872,73,0,0
BRDA:878,74,0,0
BRDA:883,75,0,0
BRDA:891,76,0,0
BRDA:891,76,1,0
BRF:109
BRH:1
end_of_record
TN:
SF:src\controllers\chat.controller.ts
FN:16,(anonymous_10)
FN:88,(anonymous_11)
FN:96,(anonymous_12)
FN:121,(anonymous_13)
FN:202,(anonymous_14)
FN:209,(anonymous_15)
FN:236,(anonymous_16)
FN:284,(anonymous_17)
FN:294,(anonymous_18)
FN:321,(anonymous_19)
FN:338,(anonymous_20)
FN:381,(anonymous_21)
FN:441,(anonymous_22)
FN:473,(anonymous_23)
FN:518,(anonymous_24)
FN:543,(anonymous_25)
FN:576,(anonymous_26)
FN:598,(anonymous_27)
FN:599,(anonymous_28)
FNF:19
FNH:0
FNDA:0,(anonymous_10)
FNDA:0,(anonymous_11)
FNDA:0,(anonymous_12)
FNDA:0,(anonymous_13)
FNDA:0,(anonymous_14)
FNDA:0,(anonymous_15)
FNDA:0,(anonymous_16)
FNDA:0,(anonymous_17)
FNDA:0,(anonymous_18)
FNDA:0,(anonymous_19)
FNDA:0,(anonymous_20)
FNDA:0,(anonymous_21)
FNDA:0,(anonymous_22)
FNDA:0,(anonymous_23)
FNDA:0,(anonymous_24)
FNDA:0,(anonymous_25)
FNDA:0,(anonymous_26)
FNDA:0,(anonymous_27)
FNDA:0,(anonymous_28)
DA:3,1
DA:4,1
DA:5,1
DA:6,1
DA:7,1
DA:8,1
DA:9,1
DA:10,1
DA:17,0
DA:18,0
DA:19,0
DA:25,0
DA:26,0
DA:29,0
DA:30,0
DA:31,0
DA:32,0
DA:39,0
DA:40,0
DA:42,0
DA:43,0
DA:45,0
DA:48,0
DA:50,0
DA:51,0
DA:58,0
DA:59,0
DA:66,0
DA:69,0
DA:72,0
DA:84,0
DA:87,0
DA:89,0
DA:94,0
DA:97,0
DA:98,0
DA:103,0
DA:109,0
DA:110,0
DA:122,0
DA:123,0
DA:124,0
DA:130,0
DA:131,0
DA:133,0
DA:134,0
DA:136,0
DA:137,0
DA:139,0
DA:142,0
DA:144,0
DA:145,0
DA:152,0
DA:154,0
DA:155,0
DA:158,0
DA:159,0
DA:160,0
DA:161,0
DA:162,0
DA:163,0
DA:164,0
DA:165,0
DA:167,0
DA:174,0
DA:175,0
DA:183,0
DA:195,0
DA:198,0
DA:203,0
DA:207,0
DA:210,0
DA:211,0
DA:216,0
DA:222,0
DA:223,0
DA:237,0
DA:238,0
DA:239,0
DA:245,0
DA:246,0
DA:247,0
DA:249,0
DA:250,0
DA:257,0
DA:259,0
DA:260,0
DA:267,0
DA:268,0
DA:280,0
DA:281,0
DA:284,0
DA:286,0
DA:288,0
DA:294,0
DA:295,0
DA:296,0
DA:298,0
DA:306,0
DA:307,0
DA:308,0
DA:309,0
DA:312,0
DA:317,0
DA:318,0
DA:326,0
DA:327,0
DA:339,0
DA:340,0
DA:341,0
DA:347,0
DA:348,0
DA:350,0
DA:355,0
DA:356,0
DA:363,0
DA:369,0
DA:370,0
DA:382,0
DA:383,0
DA:384,0
DA:390,0
DA:391,0
DA:394,0
DA:395,0
DA:396,0
DA:399,0
DA:400,0
DA:401,0
DA:404,0
DA:415,0
DA:429,0
DA:430,0
DA:442,0
DA:443,0
DA:444,0
DA:446,0
DA:447,0
DA:448,0
DA:450,0
DA:451,0
DA:454,0
DA:456,0
DA:457,0
DA:460,0
DA:461,0
DA:463,0
DA:465,0
DA:466,0
DA:474,0
DA:475,0
DA:476,0
DA:482,0
DA:483,0
DA:485,0
DA:487,0
DA:488,0
DA:496,0
DA:499,0
DA:501,0
DA:506,0
DA:507,0
DA:519,0
DA:520,0
DA:521,0
DA:527,0
DA:528,0
DA:529,0
DA:531,0
DA:533,0
DA:534,0
DA:542,0
DA:543,0
DA:544,0
DA:546,0
DA:547,0
DA:555,0
DA:556,0
DA:558,0
DA:564,0
DA:565,0
DA:577,0
DA:578,0
DA:579,0
DA:585,0
DA:586,0
DA:588,0
DA:590,0
DA:591,0
DA:598,0
DA:599,0
DA:601,0
DA:615,0
DA:616,0
DA:625,1
LF:195
LH:9
BRDA:18,0,0,0
BRDA:30,1,0,0
BRDA:42,2,0,0
BRDA:50,3,0,0
BRDA:58,4,0,0
BRDA:58,5,0,0
BRDA:58,5,1,0
BRDA:69,6,0,0
BRDA:69,6,1,0
BRDA:69,6,2,0
BRDA:75,7,0,0
BRDA:75,7,1,0
BRDA:92,8,0,0
BRDA:92,8,1,0
BRDA:112,9,0,0
BRDA:112,9,1,0
BRDA:123,10,0,0
BRDA:136,11,0,0
BRDA:144,12,0,0
BRDA:158,13,0,0
BRDA:158,13,1,0
BRDA:162,14,0,0
BRDA:162,14,1,0
BRDA:174,15,0,0
BRDA:186,16,0,0
BRDA:186,16,1,0
BRDA:225,17,0,0
BRDA:225,17,1,0
BRDA:238,18,0,0
BRDA:247,19,0,0
BRDA:249,20,0,0
BRDA:249,21,0,0
BRDA:249,21,1,0
BRDA:259,22,0,0
BRDA:267,23,0,0
BRDA:307,24,0,0
BRDA:314,25,0,0
BRDA:314,25,1,0
BRDA:320,26,0,0
BRDA:320,26,1,0
BRDA:329,27,0,0
BRDA:329,27,1,0
BRDA:340,28,0,0
BRDA:355,29,0,0
BRDA:372,30,0,0
BRDA:372,30,1,0
BRDA:383,31,0,0
BRDA:391,32,0,0
BRDA:391,33,0,0
BRDA:400,34,0,0
BRDA:432,35,0,0
BRDA:432,35,1,0
BRDA:443,36,0,0
BRDA:450,37,0,0
BRDA:450,38,0,0
BRDA:450,38,1,0
BRDA:456,39,0,0
BRDA:466,40,0,0
BRDA:466,40,1,0
BRDA:475,41,0,0
BRDA:487,42,0,0
BRDA:509,43,0,0
BRDA:509,43,1,0
BRDA:520,44,0,0
BRDA:533,45,0,0
BRDA:542,46,0,0
BRDA:546,47,0,0
BRDA:555,48,0,0
BRDA:555,48,1,0
BRDA:567,49,0,0
BRDA:567,49,1,0
BRDA:578,50,0,0
BRDA:590,51,0,0
BRDA:609,52,0,0
BRDA:609,52,1,0
BRDA:618,53,0,0
BRDA:618,53,1,0
BRF:77
BRH:0
end_of_record
TN:
SF:src\controllers\feedback.controller.ts
FN:8,(anonymous_1)
FNF:1
FNH:0
FNDA:0,(anonymous_1)
DA:2,1
DA:4,1
DA:5,1
DA:6,1
DA:8,1
DA:9,0
DA:10,0
DA:11,0
DA:13,0
DA:14,0
DA:15,0
DA:18,0
DA:19,0
DA:27,0
DA:28,0
DA:30,0
DA:31,0
DA:36,0
DA:40,0
DA:48,0
DA:50,0
LF:21
LH:5
BRDA:13,0,0,0
BRDA:18,1,0,0
BRDA:21,2,0,0
BRDA:21,2,1,0
BRDA:23,3,0,0
BRDA:23,3,1,0
BRDA:31,4,0,0
BRDA:31,4,1,0
BRDA:36,5,0,0
BRDA:36,5,1,0
BRDA:37,6,0,0
BRDA:37,6,1,0
BRDA:44,7,0,0
BRDA:44,7,1,0
BRDA:50,8,0,0
BRDA:50,8,1,0
BRF:16
BRH:0
end_of_record
TN:
SF:src\controllers\flashcard.controller.ts
FN:12,(anonymous_1)
FN:96,(anonymous_2)
FN:128,(anonymous_3)
FN:167,(anonymous_4)
FN:205,(anonymous_5)
FN:244,(anonymous_6)
FN:268,(anonymous_7)
FN:308,(anonymous_8)
FN:338,(anonymous_9)
FN:379,(anonymous_10)
FN:400,(anonymous_11)
FNF:11
FNH:0
FNDA:0,(anonymous_1)
FNDA:0,(anonymous_2)
FNDA:0,(anonymous_3)
FNDA:0,(anonymous_4)
FNDA:0,(anonymous_5)
FNDA:0,(anonymous_6)
FNDA:0,(anonymous_7)
FNDA:0,(anonymous_8)
FNDA:0,(anonymous_9)
FNDA:0,(anonymous_10)
FNDA:0,(anonymous_11)
DA:3,1
DA:4,1
DA:5,1
DA:6,1
DA:13,0
DA:14,0
DA:15,0
DA:21,0
DA:22,0
DA:24,0
DA:25,0
DA:27,0
DA:28,0
DA:30,0
DA:34,0
DA:35,0
DA:42,0
DA:43,0
DA:50,0
DA:51,0
DA:58,0
DA:60,0
DA:61,0
DA:67,0
DA:68,0
DA:74,0
DA:77,0
DA:80,0
DA:92,0
DA:96,0
DA:106,0
DA:108,0
DA:110,0
DA:116,0
DA:117,0
DA:129,0
DA:130,0
DA:131,0
DA:137,0
DA:138,0
DA:140,0
DA:143,0
DA:144,0
DA:150,0
DA:155,0
DA:156,0
DA:168,0
DA:169,0
DA:170,0
DA:176,0
DA:177,0
DA:179,0
DA:180,0
DA:181,0
DA:184,0
DA:188,0
DA:193,0
DA:194,0
DA:206,0
DA:207,0
DA:208,0
DA:214,0
DA:215,0
DA:216,0
DA:218,0
DA:220,0
DA:221,0
DA:227,0
DA:229,0
DA:230,0
DA:237,0
DA:238,0
DA:239,0
DA:240,0
DA:241,0
DA:244,0
DA:245,0
DA:248,0
DA:250,0
DA:256,0
DA:257,0
DA:269,0
DA:270,0
DA:271,0
DA:277,0
DA:278,0
DA:279,0
DA:281,0
DA:283,0
DA:284,0
DA:290,0
DA:292,0
DA:293,0
DA:300,0
DA:301,0
DA:303,0
DA:304,0
DA:308,0
DA:309,0
DA:311,0
DA:313,0
DA:326,0
DA:327,0
DA:339,0
DA:340,0
DA:341,0
DA:347,0
DA:348,0
DA:350,0
DA:355,0
DA:356,0
DA:362,0
DA:367,0
DA:368,0
DA:380,0
DA:381,0
DA:382,0
DA:388,0
DA:389,0
DA:391,0
DA:393,0
DA:394,0
DA:400,0
DA:401,0
DA:403,0
DA:415,0
DA:416,0
DA:425,1
LF:128
LH:5
BRDA:14,0,0,0
BRDA:22,1,0,0
BRDA:22,2,0,0
BRDA:22,3,0,0
BRDA:27,4,0,0
BRDA:34,5,0,0
BRDA:42,6,0,0
BRDA:42,7,0,0
BRDA:42,7,1,0
BRDA:50,8,0,0
BRDA:60,9,0,0
BRDA:67,10,0,0
BRDA:67,11,0,0
BRDA:67,11,1,0
BRDA:77,12,0,0
BRDA:77,12,1,0
BRDA:77,12,2,0
BRDA:77,12,3,0
BRDA:77,12,4,0
BRDA:130,13,0,0
BRDA:143,14,0,0
BRDA:169,15,0,0
BRDA:180,16,0,0
BRDA:207,17,0,0
BRDA:220,18,0,0
BRDA:229,19,0,0
BRDA:237,20,0,0
BRDA:238,21,0,0
BRDA:239,22,0,0
BRDA:240,23,0,0
BRDA:270,24,0,0
BRDA:283,25,0,0
BRDA:292,26,0,0
BRDA:303,27,0,0
BRDA:340,28,0,0
BRDA:355,29,0,0
BRDA:381,30,0,0
BRDA:393,31,0,0
BRF:38
BRH:0
end_of_record
TN:
SF:src\controllers\folder.controller.ts
FN:21,(anonymous_9)
FN:39,(anonymous_10)
FN:53,(anonymous_11)
FN:80,(anonymous_12)
FNF:4
FNH:0
FNDA:0,(anonymous_9)
FNDA:0,(anonymous_10)
FNDA:0,(anonymous_11)
FNDA:0,(anonymous_12)
DA:2,1
DA:4,1
DA:5,1
DA:7,1
DA:13,1
DA:21,1
DA:22,0
DA:23,0
DA:24,0
DA:26,0
DA:27,0
DA:29,0
DA:30,0
DA:32,0
DA:39,1
DA:40,0
DA:41,0
DA:42,0
DA:43,0
DA:44,0
DA:46,0
DA:53,1
DA:54,0
DA:55,0
DA:56,0
DA:57,0
DA:59,0
DA:60,0
DA:63,0
DA:65,0
DA:67,0
DA:68,0
DA:70,0
DA:71,0
DA:73,0
DA:80,1
DA:81,0
DA:82,0
DA:83,0
DA:85,0
DA:86,0
DA:89,0
DA:90,0
DA:92,0
DA:93,0
DA:95,0
LF:46
LH:9
BRDA:29,0,0,0
BRDA:32,1,0,0
BRDA:32,1,1,0
BRDA:46,2,0,0
BRDA:46,2,1,0
BRDA:59,3,0,0
BRDA:67,4,0,0
BRDA:70,5,0,0
BRDA:73,6,0,0
BRDA:73,6,1,0
BRDA:85,7,0,0
BRDA:92,8,0,0
BRDA:95,9,0,0
BRDA:95,9,1,0
BRF:14
BRH:0
end_of_record
TN:
SF:src\controllers\job.controller.ts
FN:7,(anonymous_0)
FN:32,(anonymous_1)
FN:42,(anonymous_2)
FN:80,(anonymous_3)
FN:82,(anonymous_4)
FN:97,(anonymous_5)
FN:116,(anonymous_6)
FNF:7
FNH:0
FNDA:0,(anonymous_0)
FNDA:0,(anonymous_1)
FNDA:0,(anonymous_2)
FNDA:0,(anonymous_3)
FNDA:0,(anonymous_4)
FNDA:0,(anonymous_5)
FNDA:0,(anonymous_6)
DA:3,1
DA:4,1
DA:5,1
DA:7,1
DA:8,0
DA:9,0
DA:10,0
DA:11,0
DA:12,0
DA:13,0
DA:15,0
DA:25,0
DA:32,1
DA:33,0
DA:34,0
DA:36,0
DA:37,0
DA:38,0
DA:39,0
DA:40,0
DA:42,0
DA:43,0
DA:46,0
DA:47,0
DA:49,0
DA:50,0
DA:51,0
DA:54,0
DA:55,0
DA:56,0
DA:65,0
DA:68,0
DA:80,0
DA:82,0
DA:83,0
DA:84,0
DA:85,0
DA:86,0
DA:89,0
DA:90,0
DA:95,0
DA:97,0
DA:98,0
DA:99,0
DA:100,0
DA:101,0
DA:102,0
DA:111,0
DA:112,0
DA:116,0
DA:117,0
DA:118,0
DA:119,0
DA:123,0
DA:124,0
LF:55
LH:5
BRDA:12,0,0,0
BRDA:19,1,0,0
BRDA:19,1,1,0
BRDA:20,2,0,0
BRDA:20,2,1,0
BRDA:26,3,0,0
BRDA:26,3,1,0
BRDA:49,4,0,0
BRDA:54,5,0,0
BRDA:54,6,0,0
BRDA:54,6,1,0
BRDA:55,7,0,0
BRDA:55,7,1,0
BRDA:55,7,2,0
BRDA:55,7,3,0
BRDA:59,8,0,0
BRDA:59,8,1,0
BRDA:60,9,0,0
BRDA:60,9,1,0
BRDA:84,10,0,0
BRDA:89,11,0,0
BRDA:89,11,1,0
BRDA:99,12,0,0
BRDA:100,13,0,0
BRDA:100,14,0,0
BRDA:100,14,1,0
BRDA:101,15,0,0
BRDA:101,15,1,0
BRDA:101,15,2,0
BRDA:101,15,3,0
BRDA:105,16,0,0
BRDA:105,16,1,0
BRDA:106,17,0,0
BRDA:106,17,1,0
BRDA:123,18,0,0
BRDA:123,18,1,0
BRF:36
BRH:0
end_of_record
TN:
SF:src\controllers\note.controller.ts
FN:14,generateDefaultTitle
FN:47,(anonymous_11)
FN:75,(anonymous_12)
FN:94,(anonymous_13)
FN:112,(anonymous_14)
FN:134,(anonymous_15)
FN:152,(anonymous_16)
FN:180,(anonymous_17)
FN:191,(anonymous_18)
FN:230,(anonymous_19)
FN:256,(anonymous_20)
FN:282,(anonymous_21)
FN:325,(anonymous_22)
FN:337,(anonymous_23)
FN:357,(anonymous_24)
FN:400,(anonymous_25)
FN:435,(anonymous_26)
FN:527,(anonymous_27)
FN:538,(anonymous_28)
FN:539,(anonymous_29)
FN:569,(anonymous_30)
FN:577,(anonymous_31)
FN:587,(anonymous_32)
FN:588,(anonymous_33)
FN:589,(anonymous_34)
FN:625,(anonymous_35)
FN:680,(anonymous_36)
FN:684,(anonymous_37)
FN:704,(anonymous_38)
FN:763,(anonymous_39)
FN:776,(anonymous_40)
FNF:31
FNH:0
FNDA:0,generateDefaultTitle
FNDA:0,(anonymous_11)
FNDA:0,(anonymous_12)
FNDA:0,(anonymous_13)
FNDA:0,(anonymous_14)
FNDA:0,(anonymous_15)
FNDA:0,(anonymous_16)
FNDA:0,(anonymous_17)
FNDA:0,(anonymous_18)
FNDA:0,(anonymous_19)
FNDA:0,(anonymous_20)
FNDA:0,(anonymous_21)
FNDA:0,(anonymous_22)
FNDA:0,(anonymous_23)
FNDA:0,(anonymous_24)
FNDA:0,(anonymous_25)
FNDA:0,(anonymous_26)
FNDA:0,(anonymous_27)
FNDA:0,(anonymous_28)
FNDA:0,(anonymous_29)
FNDA:0,(anonymous_30)
FNDA:0,(anonymous_31)
FNDA:0,(anonymous_32)
FNDA:0,(anonymous_33)
FNDA:0,(anonymous_34)
FNDA:0,(anonymous_35)
FNDA:0,(anonymous_36)
FNDA:0,(anonymous_37)
FNDA:0,(anonymous_38)
FNDA:0,(anonymous_39)
FNDA:0,(anonymous_40)
DA:2,1
DA:3,1
DA:4,1
DA:5,1
DA:6,1
DA:8,1
DA:9,1
DA:10,1
DA:11,1
DA:12,1
DA:15,0
DA:16,0
DA:20,0
DA:24,1
DA:32,1
DA:39,1
DA:47,1
DA:48,0
DA:49,0
DA:50,0
DA:52,0
DA:53,0
DA:55,0
DA:56,0
DA:58,0
DA:61,0
DA:62,0
DA:63,0
DA:65,0
DA:66,0
DA:68,0
DA:75,1
DA:76,0
DA:77,0
DA:78,0
DA:80,0
DA:81,0
DA:82,0
DA:84,0
DA:85,0
DA:87,0
DA:94,1
DA:95,0
DA:96,0
DA:97,0
DA:99,0
DA:100,0
DA:101,0
DA:103,0
DA:105,0
DA:112,1
DA:113,0
DA:114,0
DA:115,0
DA:116,0
DA:118,0
DA:119,0
DA:120,0
DA:122,0
DA:124,0
DA:125,0
DA:127,0
DA:134,1
DA:135,0
DA:136,0
DA:137,0
DA:139,0
DA:140,0
DA:142,0
DA:143,0
DA:145,0
DA:152,1
DA:153,0
DA:154,0
DA:155,0
DA:157,0
DA:160,0
DA:168,0
DA:170,0
DA:171,0
DA:173,0
DA:180,1
DA:181,0
DA:182,0
DA:183,0
DA:184,0
DA:186,0
DA:187,0
DA:188,0
DA:191,0
DA:194,0
DA:195,0
DA:196,0
DA:198,0
DA:199,0
DA:200,0
DA:201,0
DA:204,0
DA:205,0
DA:209,0
DA:210,0
DA:213,0
DA:214,0
DA:216,0
DA:223,0
DA:230,1
DA:231,0
DA:232,0
DA:233,0
DA:235,0
DA:236,0
DA:240,0
DA:247,0
DA:249,0
DA:256,1
DA:257,0
DA:258,0
DA:259,0
DA:261,0
DA:262,0
DA:263,0
DA:266,0
DA:273,0
DA:275,0
DA:282,1
DA:283,0
DA:284,0
DA:285,0
DA:287,0
DA:288,0
DA:294,0
DA:295,0
DA:296,0
DA:298,0
DA:299,0
DA:301,0
DA:302,0
DA:305,0
DA:307,0
DA:313,0
DA:314,0
DA:325,1
DA:326,0
DA:327,0
DA:328,0
DA:330,0
DA:331,0
DA:337,0
DA:338,0
DA:343,0
DA:344,0
DA:350,0
DA:351,0
DA:357,0
DA:358,0
DA:364,0
DA:365,0
DA:366,0
DA:368,0
DA:370,0
DA:376,0
DA:377,0
DA:378,0
DA:383,0
DA:384,0
DA:389,0
DA:400,1
DA:401,0
DA:402,0
DA:403,0
DA:404,0
DA:406,0
DA:407,0
DA:411,0
DA:413,0
DA:415,0
DA:420,0
DA:421,0
DA:422,0
DA:424,0
DA:435,1
DA:436,0
DA:437,0
DA:438,0
DA:439,0
DA:442,0
DA:443,0
DA:447,0
DA:448,0
DA:450,0
DA:451,0
DA:453,0
DA:456,0
DA:457,0
DA:458,0
DA:460,0
DA:461,0
DA:463,0
DA:464,0
DA:466,0
DA:467,0
DA:471,0
DA:472,0
DA:473,0
DA:486,0
DA:487,0
DA:489,0
DA:490,0
DA:492,0
DA:493,0
DA:500,0
DA:501,0
DA:502,0
DA:503,0
DA:504,0
DA:508,0
DA:510,0
DA:517,0
DA:518,0
DA:519,0
DA:520,0
DA:521,0
DA:522,0
DA:523,0
DA:524,0
DA:527,0
DA:528,0
DA:529,0
DA:530,0
DA:531,0
DA:532,0
DA:534,0
DA:535,0
DA:536,0
DA:538,0
DA:539,0
DA:541,0
DA:542,0
DA:544,0
DA:546,0
DA:552,0
DA:556,0
DA:569,0
DA:570,0
DA:577,0
DA:578,0
DA:580,0
DA:581,0
DA:583,0
DA:587,0
DA:588,0
DA:589,0
DA:591,0
DA:593,0
DA:594,0
DA:595,0
DA:597,0
DA:602,0
DA:604,0
DA:607,0
DA:608,0
DA:609,0
DA:614,0
DA:617,0
DA:620,0
DA:625,0
DA:627,0
DA:628,0
DA:629,0
DA:632,0
DA:633,0
DA:634,0
DA:636,0
DA:639,0
DA:640,0
DA:641,0
DA:642,0
DA:648,0
DA:649,0
DA:660,0
DA:664,0
DA:665,0
DA:668,0
DA:669,0
DA:672,0
DA:673,0
DA:676,0
DA:677,0
DA:683,0
DA:684,0
DA:685,0
DA:692,0
DA:693,0
DA:704,1
DA:705,0
DA:706,0
DA:707,0
DA:708,0
DA:710,0
DA:711,0
DA:717,0
DA:724,0
DA:730,0
DA:732,0
DA:733,0
DA:738,0
DA:739,0
DA:744,0
DA:745,0
DA:752,0
DA:763,1
DA:764,0
DA:765,0
DA:766,0
DA:768,0
DA:769,0
DA:776,0
DA:777,0
DA:783,0
DA:784,0
DA:791,0
DA:792,0
DA:799,0
DA:800,0
DA:813,0
DA:818,0
DA:820,0
LF:327
LH:28
BRDA:20,0,0,0
BRDA:20,0,1,0
BRDA:55,1,0,0
BRDA:65,2,0,0
BRDA:68,3,0,0
BRDA:68,3,1,0
BRDA:81,4,0,0
BRDA:81,5,0,0
BRDA:81,5,1,0
BRDA:82,6,0,0
BRDA:82,7,0,0
BRDA:82,7,1,0
BRDA:87,8,0,0
BRDA:87,8,1,0
BRDA:100,9,0,0
BRDA:105,10,0,0
BRDA:105,10,1,0
BRDA:119,11,0,0
BRDA:124,12,0,0
BRDA:127,13,0,0
BRDA:127,13,1,0
BRDA:142,14,0,0
BRDA:145,15,0,0
BRDA:145,15,1,0
BRDA:162,16,0,0
BRDA:162,16,1,0
BRDA:163,17,0,0
BRDA:163,17,1,0
BRDA:163,18,0,0
BRDA:163,18,1,0
BRDA:168,19,0,0
BRDA:168,19,1,0
BRDA:170,20,0,0
BRDA:173,21,0,0
BRDA:173,21,1,0
BRDA:184,22,0,0
BRDA:187,23,0,0
BRDA:194,24,0,0
BRDA:194,24,1,0
BRDA:195,25,0,0
BRDA:195,25,1,0
BRDA:196,26,0,0
BRDA:196,26,1,0
BRDA:196,26,2,0
BRDA:199,27,0,0
BRDA:199,27,1,0
BRDA:200,28,0,0
BRDA:200,28,1,0
BRDA:204,29,0,0
BRDA:205,30,0,0
BRDA:209,31,0,0
BRDA:210,32,0,0
BRDA:214,33,0,0
BRDA:214,33,1,0
BRDA:223,34,0,0
BRDA:223,34,1,0
BRDA:235,35,0,0
BRDA:249,36,0,0
BRDA:249,36,1,0
BRDA:262,37,0,0
BRDA:269,38,0,0
BRDA:269,38,1,0
BRDA:275,39,0,0
BRDA:275,39,1,0
BRDA:287,40,0,0
BRDA:287,41,0,0
BRDA:287,41,1,0
BRDA:295,42,0,0
BRDA:295,43,0,0
BRDA:295,43,1,0
BRDA:298,44,0,0
BRDA:298,45,0,0
BRDA:298,45,1,0
BRDA:301,46,0,0
BRDA:302,47,0,0
BRDA:302,47,1,0
BRDA:330,48,0,0
BRDA:343,49,0,0
BRDA:350,50,0,0
BRDA:360,51,0,0
BRDA:360,51,1,0
BRDA:361,52,0,0
BRDA:361,52,1,0
BRDA:365,53,0,0
BRDA:377,54,0,0
BRDA:383,55,0,0
BRDA:406,56,0,0
BRDA:411,57,0,0
BRDA:411,57,1,0
BRDA:411,58,0,0
BRDA:411,58,1,0
BRDA:411,58,2,0
BRDA:417,59,0,0
BRDA:417,59,1,0
BRDA:421,60,0,0
BRDA:421,61,0,0
BRDA:421,61,1,0
BRDA:424,62,0,0
BRDA:424,62,1,0
BRDA:442,63,0,0
BRDA:450,64,0,0
BRDA:456,65,0,0
BRDA:456,65,1,0
BRDA:457,66,0,0
BRDA:457,67,0,0
BRDA:457,67,1,0
BRDA:460,68,0,0
BRDA:460,69,0,0
BRDA:460,69,1,0
BRDA:463,70,0,0
BRDA:463,71,0,0
BRDA:463,71,1,0
BRDA:466,72,0,0
BRDA:471,73,0,0
BRDA:471,74,0,0
BRDA:471,74,1,0
BRDA:475,75,0,0
BRDA:475,75,1,0
BRDA:476,76,0,0
BRDA:476,76,1,0
BRDA:482,77,0,0
BRDA:482,77,1,0
BRDA:489,78,0,0
BRDA:489,78,1,0
BRDA:501,79,0,0
BRDA:502,80,0,0
BRDA:502,80,1,0
BRDA:502,81,0,0
BRDA:502,81,1,0
BRDA:517,82,0,0
BRDA:517,82,1,0
BRDA:529,83,0,0
BRDA:529,83,1,0
BRDA:530,84,0,0
BRDA:530,84,1,0
BRDA:535,85,0,0
BRDA:535,85,1,0
BRDA:536,86,0,0
BRDA:536,86,1,0
BRDA:542,87,0,0
BRDA:552,88,0,0
BRDA:552,88,1,0
BRDA:552,88,2,0
BRDA:559,89,0,0
BRDA:559,89,1,0
BRDA:580,90,0,0
BRDA:580,91,0,0
BRDA:580,91,1,0
BRDA:581,92,0,0
BRDA:581,92,1,0
BRDA:608,93,0,0
BRDA:608,93,1,0
BRDA:609,94,0,0
BRDA:609,94,1,0
BRDA:609,94,2,0
BRDA:609,94,3,0
BRDA:614,95,0,0
BRDA:614,95,1,0
BRDA:617,96,0,0
BRDA:617,96,1,0
BRDA:627,97,0,0
BRDA:627,97,1,0
BRDA:628,98,0,0
BRDA:628,98,1,0
BRDA:633,99,0,0
BRDA:633,99,1,0
BRDA:634,100,0,0
BRDA:634,100,1,0
BRDA:640,101,0,0
BRDA:640,101,1,0
BRDA:641,102,0,0
BRDA:642,103,0,0
BRDA:642,103,1,0
BRDA:648,104,0,0
BRDA:660,105,0,0
BRDA:660,105,1,0
BRDA:668,106,0,0
BRDA:668,106,1,0
BRDA:669,107,0,0
BRDA:669,107,1,0
BRDA:679,108,0,0
BRDA:679,108,1,0
BRDA:683,109,0,0
BRDA:685,110,0,0
BRDA:710,111,0,0
BRDA:732,112,0,0
BRDA:738,113,0,0
BRDA:744,114,0,0
BRDA:768,115,0,0
BRDA:783,116,0,0
BRDA:791,117,0,0
BRDA:791,118,0,0
BRDA:791,118,1,0
BRDA:799,119,0,0
BRF:194
BRH:0
end_of_record
TN:
SF:src\controllers\otp.controller.ts
FN:12,(anonymous_0)
FN:43,(anonymous_1)
FN:99,(anonymous_2)
FN:155,(anonymous_3)
FN:299,(anonymous_4)
FN:395,(anonymous_5)
FNF:6
FNH:0
FNDA:0,(anonymous_0)
FNDA:0,(anonymous_1)
FNDA:0,(anonymous_2)
FNDA:0,(anonymous_3)
FNDA:0,(anonymous_4)
FNDA:0,(anonymous_5)
DA:2,1
DA:3,1
DA:4,1
DA:5,1
DA:6,1
DA:8,1
DA:9,1
DA:12,1
DA:13,0
DA:14,0
DA:17,0
DA:19,0
DA:20,0
DA:22,0
DA:24,0
DA:26,0
DA:27,0
DA:30,0
DA:33,0
DA:37,0
DA:38,0
DA:43,1
DA:44,0
DA:45,0
DA:48,0
DA:49,0
DA:50,0
DA:53,0
DA:57,0
DA:60,0
DA:61,0
DA:64,0
DA:72,0
DA:74,0
DA:75,0
DA:78,0
DA:81,0
DA:91,0
DA:92,0
DA:99,1
DA:100,0
DA:101,0
DA:104,0
DA:105,0
DA:106,0
DA:109,0
DA:113,0
DA:116,0
DA:117,0
DA:120,0
DA:128,0
DA:130,0
DA:131,0
DA:134,0
DA:137,0
DA:147,0
DA:148,0
DA:155,1
DA:156,0
DA:157,0
DA:160,0
DA:166,0
DA:167,0
DA:170,0
DA:174,0
DA:175,0
DA:176,0
DA:179,0
DA:183,0
DA:184,0
DA:185,0
DA:188,0
DA:192,0
DA:193,0
DA:194,0
DA:195,0
DA:198,0
DA:202,0
DA:203,0
DA:205,0
DA:208,0
DA:210,0
DA:212,0
DA:234,0
DA:238,0
DA:240,0
DA:241,0
DA:244,0
DA:245,0
DA:246,0
DA:249,0
DA:252,0
DA:261,0
DA:264,0
DA:266,0
DA:268,0
DA:291,0
DA:292,0
DA:299,1
DA:300,0
DA:301,0
DA:304,0
DA:310,0
DA:311,0
DA:314,0
DA:318,0
DA:319,0
DA:320,0
DA:323,0
DA:327,0
DA:328,0
DA:329,0
DA:332,0
DA:336,0
DA:337,0
DA:338,0
DA:339,0
DA:342,0
DA:346,0
DA:348,0
DA:349,0
DA:352,0
DA:356,0
DA:357,0
DA:360,0
DA:362,0
DA:364,0
DA:387,0
DA:388,0
DA:395,1
DA:396,0
DA:397,0
DA:400,0
DA:403,0
DA:404,0
DA:407,0
DA:415,0
DA:417,0
DA:418,0
DA:421,0
DA:424,0
DA:434,0
DA:435,0
LF:143
LH:13
BRDA:26,0,0,0
BRDA:49,1,0,0
BRDA:74,2,0,0
BRDA:105,3,0,0
BRDA:130,4,0,0
BRDA:166,5,0,0
BRDA:174,6,0,0
BRDA:183,7,0,0
BRDA:192,8,0,0
BRDA:205,9,0,0
BRDA:241,10,0,0
BRDA:241,10,1,0
BRDA:245,11,0,0
BRDA:254,12,0,0
BRDA:254,12,1,0
BRDA:310,13,0,0
BRDA:318,14,0,0
BRDA:327,15,0,0
BRDA:336,16,0,0
BRDA:348,17,0,0
BRDA:417,18,0,0
BRF:21
BRH:0
end_of_record
TN:
SF:src\controllers\quiz.controller.ts
FN:13,(anonymous_1)
FN:128,(anonymous_2)
FN:133,(anonymous_3)
FN:162,(anonymous_4)
FN:189,(anonymous_5)
FN:191,(anonymous_6)
FN:194,(anonymous_7)
FN:226,(anonymous_8)
FN:250,(anonymous_9)
FN:252,(anonymous_10)
FN:255,(anonymous_11)
FN:281,(anonymous_12)
FN:304,(anonymous_13)
FN:307,(anonymous_14)
FN:345,(anonymous_15)
FN:378,(anonymous_16)
FN:432,(anonymous_17)
FNF:17
FNH:0
FNDA:0,(anonymous_1)
FNDA:0,(anonymous_2)
FNDA:0,(anonymous_3)
FNDA:0,(anonymous_4)
FNDA:0,(anonymous_5)
FNDA:0,(anonymous_6)
FNDA:0,(anonymous_7)
FNDA:0,(anonymous_8)
FNDA:0,(anonymous_9)
FNDA:0,(anonymous_10)
FNDA:0,(anonymous_11)
FNDA:0,(anonymous_12)
FNDA:0,(anonymous_13)
FNDA:0,(anonymous_14)
FNDA:0,(anonymous_15)
FNDA:0,(anonymous_16)
FNDA:0,(anonymous_17)
DA:3,1
DA:4,1
DA:5,1
DA:6,1
DA:14,0
DA:16,0
DA:17,0
DA:30,0
DA:33,0
DA:34,0
DA:41,0
DA:43,0
DA:44,0
DA:46,0
DA:47,0
DA:49,0
DA:53,0
DA:58,0
DA:59,0
DA:66,0
DA:67,0
DA:74,0
DA:77,0
DA:78,0
DA:82,0
DA:83,0
DA:87,0
DA:88,0
DA:93,0
DA:105,0
DA:106,0
DA:107,0
DA:108,0
DA:111,0
DA:112,0
DA:116,0
DA:123,0
DA:126,0
DA:128,0
DA:133,0
DA:143,0
DA:149,0
DA:150,0
DA:163,0
DA:164,0
DA:165,0
DA:171,0
DA:174,0
DA:175,0
DA:176,0
DA:178,0
DA:189,0
DA:191,0
DA:194,0
DA:202,0
DA:213,0
DA:214,0
DA:227,0
DA:228,0
DA:229,0
DA:235,0
DA:236,0
DA:242,0
DA:250,0
DA:252,0
DA:255,0
DA:263,0
DA:268,0
DA:269,0
DA:282,0
DA:283,0
DA:284,0
DA:290,0
DA:295,0
DA:296,0
DA:303,0
DA:304,0
DA:306,0
DA:308,0
DA:309,0
DA:311,0
DA:315,0
DA:327,0
DA:332,0
DA:333,0
DA:346,0
DA:347,0
DA:348,0
DA:354,0
DA:357,0
DA:358,0
DA:364,0
DA:369,0
DA:370,0
DA:377,0
DA:378,0
DA:379,0
DA:381,0
DA:384,0
DA:386,0
DA:396,0
DA:399,0
DA:400,0
DA:404,0
DA:406,0
DA:408,0
DA:419,0
DA:420,0
DA:433,0
DA:434,0
DA:435,0
DA:441,0
DA:446,0
DA:447,0
DA:453,0
DA:458,0
DA:459,0
DA:468,1
LF:118
LH:5
BRDA:16,0,0,0
BRDA:25,1,0,0
BRDA:26,2,0,0
BRDA:27,3,0,0
BRDA:28,4,0,0
BRDA:33,5,0,0
BRDA:46,6,0,0
BRDA:58,7,0,0
BRDA:66,8,0,0
BRDA:66,9,0,0
BRDA:66,9,1,0
BRDA:74,10,0,0
BRDA:74,10,1,0
BRDA:74,10,2,0
BRDA:74,10,3,0
BRDA:74,10,4,0
BRDA:82,11,0,0
BRDA:82,11,1,0
BRDA:87,12,0,0
BRDA:87,12,1,0
BRDA:111,13,0,0
BRDA:111,14,0,0
BRDA:111,14,1,0
BRDA:111,14,2,0
BRDA:164,15,0,0
BRDA:171,16,0,0
BRDA:171,17,0,0
BRDA:171,18,0,0
BRDA:171,19,0,0
BRDA:180,20,0,0
BRDA:180,20,1,0
BRDA:193,21,0,0
BRDA:193,21,1,0
BRDA:193,22,0,0
BRDA:193,22,1,0
BRDA:228,23,0,0
BRDA:235,24,0,0
BRDA:254,25,0,0
BRDA:254,25,1,0
BRDA:254,26,0,0
BRDA:254,26,1,0
BRDA:283,27,0,0
BRDA:295,28,0,0
BRDA:306,29,0,0
BRDA:306,29,1,0
BRDA:308,30,0,0
BRDA:347,31,0,0
BRDA:357,32,0,0
BRDA:357,33,0,0
BRDA:357,33,1,0
BRDA:369,34,0,0
BRDA:381,35,0,0
BRDA:381,35,1,0
BRDA:384,36,0,0
BRDA:399,37,0,0
BRDA:399,37,1,0
BRDA:401,38,0,0
BRDA:401,38,1,0
BRDA:434,39,0,0
BRDA:446,40,0,0
BRF:60
BRH:0
end_of_record
TN:
SF:src\controllers\referral.controller.ts
FN:6,(anonymous_0)
FN:42,(anonymous_1)
FNF:2
FNH:2
FNDA:15,(anonymous_0)
FNDA:8,(anonymous_1)
DA:2,1
DA:3,1
DA:6,1
DA:7,15
DA:8,15
DA:10,15
DA:11,2
DA:12,2
DA:15,13
DA:18,13
DA:23,13
DA:24,6
DA:25,6
DA:29,7
DA:31,7
DA:32,5
DA:34,2
DA:37,0
DA:38,0
DA:42,1
DA:43,8
DA:44,8
DA:45,8
DA:47,8
DA:48,1
DA:49,1
DA:52,7
DA:53,0
DA:54,0
DA:57,7
DA:60,7
DA:65,7
DA:67,4
DA:74,4
DA:75,4
DA:79,3
DA:81,3
DA:82,0
DA:83,0
DA:87,3
DA:88,1
DA:89,1
DA:93,2
DA:98,2
DA:100,0
DA:101,0
LF:46
LH:38
BRDA:10,0,0,2
BRDA:10,1,0,15
BRDA:10,1,1,14
BRDA:23,2,0,6
BRDA:31,3,0,5
BRDA:31,3,1,2
BRDA:47,4,0,1
BRDA:47,5,0,8
BRDA:47,5,1,7
BRDA:52,6,0,0
BRDA:65,7,0,4
BRDA:81,8,0,0
BRDA:87,9,0,1
BRF:13
BRH:11
end_of_record
TN:
SF:src\controllers\upload.controller.ts
FN:12,(anonymous_10)
FN:87,(anonymous_11)
FN:111,(anonymous_12)
FN:142,(anonymous_13)
FN:174,(anonymous_14)
FN:219,(anonymous_15)
FN:276,(anonymous_16)
FN:336,(anonymous_17)
FN:393,(anonymous_18)
FN:458,(anonymous_19)
FN:515,(anonymous_20)
FN:598,(anonymous_21)
FN:619,(anonymous_22)
FN:661,(anonymous_23)
FNF:14
FNH:0
FNDA:0,(anonymous_10)
FNDA:0,(anonymous_11)
FNDA:0,(anonymous_12)
FNDA:0,(anonymous_13)
FNDA:0,(anonymous_14)
FNDA:0,(anonymous_15)
FNDA:0,(anonymous_16)
FNDA:0,(anonymous_17)
FNDA:0,(anonymous_18)
FNDA:0,(anonymous_19)
FNDA:0,(anonymous_20)
FNDA:0,(anonymous_21)
FNDA:0,(anonymous_22)
FNDA:0,(anonymous_23)
DA:3,1
DA:4,1
DA:5,1
DA:6,1
DA:13,0
DA:14,0
DA:15,0
DA:18,0
DA:19,0
DA:22,0
DA:23,0
DA:26,0
DA:27,0
DA:29,0
DA:30,0
DA:35,0
DA:37,0
DA:40,0
DA:47,0
DA:50,0
DA:67,0
DA:69,0
DA:79,0
DA:80,0
DA:88,0
DA:89,0
DA:90,0
DA:92,0
DA:93,0
DA:95,0
DA:97,0
DA:98,0
DA:101,0
DA:103,0
DA:104,0
DA:112,0
DA:113,0
DA:114,0
DA:116,0
DA:117,0
DA:119,0
DA:121,0
DA:122,0
DA:126,0
DA:128,0
DA:134,0
DA:135,0
DA:143,0
DA:144,0
DA:145,0
DA:147,0
DA:148,0
DA:150,0
DA:152,0
DA:153,0
DA:157,0
DA:160,0
DA:162,0
DA:164,0
DA:166,0
DA:167,0
DA:175,0
DA:176,0
DA:177,0
DA:179,0
DA:180,0
DA:183,0
DA:184,0
DA:185,0
DA:187,0
DA:189,0
DA:190,0
DA:193,0
DA:201,0
DA:211,0
DA:212,0
DA:220,0
DA:221,0
DA:222,0
DA:225,0
DA:227,0
DA:228,0
DA:229,0
DA:232,0
DA:233,0
DA:235,0
DA:238,0
DA:239,0
DA:243,0
DA:244,0
DA:246,0
DA:249,0
DA:256,0
DA:273,0
DA:276,0
DA:278,0
DA:279,0
DA:282,0
DA:283,0
DA:288,0
DA:290,0
DA:292,0
DA:306,0
DA:309,0
DA:310,0
DA:312,0
DA:328,0
DA:329,0
DA:337,0
DA:338,0
DA:339,0
DA:342,0
DA:344,0
DA:345,0
DA:346,0
DA:349,0
DA:350,0
DA:352,0
DA:355,0
DA:356,0
DA:360,0
DA:361,0
DA:363,0
DA:366,0
DA:373,0
DA:390,0
DA:393,0
DA:395,0
DA:396,0
DA:399,0
DA:400,0
DA:408,0
DA:410,0
DA:411,0
DA:413,0
DA:428,0
DA:431,0
DA:432,0
DA:434,0
DA:450,0
DA:451,0
DA:459,0
DA:460,0
DA:461,0
DA:464,0
DA:466,0
DA:467,0
DA:468,0
DA:471,0
DA:472,0
DA:474,0
DA:477,0
DA:478,0
DA:482,0
DA:483,0
DA:485,0
DA:488,0
DA:495,0
DA:512,0
DA:515,0
DA:517,0
DA:519,0
DA:520,0
DA:521,0
DA:522,0
DA:524,0
DA:539,0
DA:542,0
DA:543,0
DA:549,0
DA:551,0
DA:552,0
DA:554,0
DA:569,0
DA:572,0
DA:573,0
DA:575,0
DA:590,0
DA:591,0
DA:599,0
DA:600,0
DA:602,0
DA:603,0
DA:606,0
DA:608,0
DA:609,0
DA:610,0
DA:613,0
DA:615,0
DA:616,0
DA:619,0
DA:622,0
DA:623,0
DA:626,0
DA:627,0
DA:629,0
DA:630,0
DA:633,0
DA:634,0
DA:635,0
DA:637,0
DA:640,0
DA:648,0
DA:650,0
DA:653,0
DA:654,0
DA:662,0
DA:663,0
DA:664,0
DA:665,0
DA:666,0
DA:670,1
LF:212
LH:5
BRDA:14,0,0,0
BRDA:18,1,0,0
BRDA:27,2,0,0
BRDA:27,2,1,0
BRDA:29,3,0,0
BRDA:89,4,0,0
BRDA:97,5,0,0
BRDA:113,6,0,0
BRDA:121,7,0,0
BRDA:144,8,0,0
BRDA:152,9,0,0
BRDA:176,10,0,0
BRDA:180,11,0,0
BRDA:180,12,0,0
BRDA:189,13,0,0
BRDA:221,14,0,0
BRDA:225,15,0,0
BRDA:225,15,1,0
BRDA:227,16,0,0
BRDA:227,17,0,0
BRDA:227,17,1,0
BRDA:238,18,0,0
BRDA:338,19,0,0
BRDA:342,20,0,0
BRDA:342,20,1,0
BRDA:344,21,0,0
BRDA:344,22,0,0
BRDA:344,22,1,0
BRDA:355,23,0,0
BRDA:460,24,0,0
BRDA:464,25,0,0
BRDA:464,25,1,0
BRDA:466,26,0,0
BRDA:466,27,0,0
BRDA:466,27,1,0
BRDA:477,28,0,0
BRDA:520,29,0,0
BRDA:547,30,0,0
BRDA:547,30,1,0
BRDA:602,31,0,0
BRDA:606,32,0,0
BRDA:606,32,1,0
BRDA:608,33,0,0
BRDA:608,34,0,0
BRDA:608,34,1,0
BRDA:622,35,0,0
BRDA:662,36,0,0
BRDA:663,37,0,0
BRDA:664,38,0,0
BRDA:665,39,0,0
BRF:50
BRH:0
end_of_record
TN:
SF:src\controllers\webhook.controller.ts
FN:15,(anonymous_0)
FN:48,(anonymous_1)
FN:53,(anonymous_2)
FNF:3
FNH:0
FNDA:0,(anonymous_0)
FNDA:0,(anonymous_1)
FNDA:0,(anonymous_2)
DA:3,1
DA:4,1
DA:5,1
DA:8,1
DA:10,1
DA:13,1
DA:15,1
DA:16,0
DA:21,0
DA:22,0
DA:23,0
DA:24,0
DA:25,0
DA:26,0
DA:27,0
DA:30,0
DA:33,0
DA:34,0
DA:35,0
DA:36,0
DA:39,0
DA:40,0
DA:41,0
DA:43,0
DA:48,0
DA:50,0
DA:52,0
DA:53,0
DA:54,0
DA:58,0
DA:61,0
DA:62,0
DA:63,0
DA:67,0
DA:68,0
DA:69,0
DA:70,0
DA:72,0
DA:76,0
DA:77,0
DA:78,0
DA:79,0
DA:80,0
DA:81,0
DA:92,0
DA:96,0
DA:102,0
DA:103,0
DA:104,0
DA:105,0
DA:107,0
DA:109,0
DA:112,0
DA:115,0
DA:119,0
DA:122,0
DA:124,0
LF:57
LH:7
BRDA:22,0,0,0
BRDA:22,0,1,0
BRDA:24,1,0,0
BRDA:24,2,0,0
BRDA:24,2,1,0
BRDA:34,3,0,0
BRDA:41,4,0,0
BRDA:41,4,1,0
BRDA:50,5,0,0
BRDA:50,6,0,0
BRDA:50,6,1,0
BRDA:54,7,0,0
BRDA:58,8,0,0
BRDA:67,9,0,0
BRDA:67,9,1,0
BRDA:68,10,0,0
BRDA:68,10,1,0
BRDA:76,11,0,0
BRDA:78,12,0,0
BRDA:80,13,0,0
BRDA:86,14,0,0
BRDA:86,14,1,0
BRDA:87,15,0,0
BRDA:87,15,1,0
BRDA:88,16,0,0
BRDA:88,16,1,0
BRDA:94,17,0,0
BRDA:94,17,1,0
BRDA:102,18,0,0
BRDA:102,18,1,0
BRDA:103,19,0,0
BRDA:103,19,1,0
BRDA:109,20,0,0
BRDA:109,20,1,0
BRF:34
BRH:0
end_of_record
TN:
SF:src\controllers\youtube.controller.ts
FN:10,(anonymous_1)
FN:23,(anonymous_2)
FN:40,(anonymous_3)
FN:155,(anonymous_4)
FN:190,(anonymous_5)
FN:206,(anonymous_6)
FN:219,(anonymous_7)
FN:240,(anonymous_8)
FNF:8
FNH:0
FNDA:0,(anonymous_1)
FNDA:0,(anonymous_2)
FNDA:0,(anonymous_3)
FNDA:0,(anonymous_4)
FNDA:0,(anonymous_5)
FNDA:0,(anonymous_6)
FNDA:0,(anonymous_7)
FNDA:0,(anonymous_8)
DA:2,1
DA:3,1
DA:4,1
DA:5,1
DA:6,1
DA:7,1
DA:10,1
DA:11,0
DA:12,0
DA:13,0
DA:15,0
DA:23,1
DA:24,0
DA:25,0
DA:29,0
DA:30,0
DA:31,0
DA:33,0
DA:34,0
DA:37,0
DA:40,0
DA:44,0
DA:47,0
DA:48,0
DA:49,0
DA:51,0
DA:54,0
DA:55,0
DA:56,0
DA:57,0
DA:63,0
DA:65,0
DA:67,0
DA:72,0
DA:91,0
DA:92,0
DA:95,0
DA:97,0
DA:103,0
DA:104,0
DA:105,0
DA:106,0
DA:107,0
DA:108,0
DA:110,0
DA:125,0
DA:126,0
DA:128,0
DA:139,0
DA:140,0
DA:141,0
DA:142,0
DA:143,0
DA:145,0
DA:155,1
DA:156,0
DA:157,0
DA:158,0
DA:160,0
DA:161,0
DA:164,0
DA:166,0
DA:167,0
DA:170,0
DA:185,0
DA:186,0
DA:190,1
DA:191,0
DA:192,0
DA:193,0
DA:194,0
DA:196,0
DA:197,0
DA:198,0
DA:200,0
DA:202,0
DA:206,1
DA:207,0
DA:208,0
DA:209,0
DA:210,0
DA:212,0
DA:213,0
DA:215,0
DA:219,1
DA:220,0
DA:221,0
DA:222,0
DA:223,0
DA:225,0
DA:226,0
DA:227,0
DA:229,0
DA:230,0
DA:231,0
DA:233,0
DA:236,0
DA:240,1
DA:241,0
DA:242,0
DA:243,0
DA:244,0
DA:246,0
DA:247,0
DA:249,0
LF:105
LH:13
BRDA:12,0,0,0
BRDA:12,1,0,0
BRDA:12,1,1,0
BRDA:13,2,0,0
BRDA:13,2,1,0
BRDA:30,3,0,0
BRDA:33,4,0,0
BRDA:58,5,0,0
BRDA:58,5,1,0
BRDA:74,6,0,0
BRDA:74,6,1,0
BRDA:79,7,0,0
BRDA:79,7,1,0
BRDA:81,8,0,0
BRDA:81,8,1,0
BRDA:82,9,0,0
BRDA:82,9,1,0
BRDA:84,10,0,0
BRDA:84,10,1,0
BRDA:87,11,0,0
BRDA:87,11,1,0
BRDA:87,12,0,0
BRDA:87,12,1,0
BRDA:95,13,0,0
BRDA:95,13,1,0
BRDA:95,14,0,0
BRDA:95,14,1,0
BRDA:99,15,0,0
BRDA:99,15,1,0
BRDA:140,16,0,0
BRDA:140,17,0,0
BRDA:140,17,1,0
BRDA:147,18,0,0
BRDA:147,18,1,0
BRDA:160,19,0,0
BRDA:160,20,0,0
BRDA:160,20,1,0
BRDA:166,21,0,0
BRDA:193,22,0,0
BRDA:197,23,0,0
BRDA:209,24,0,0
BRDA:222,25,0,0
BRDA:226,26,0,0
BRDA:243,27,0,0
BRF:44
BRH:0
end_of_record
TN:
SF:src\middleware\adminAuth.ts
FN:3,(anonymous_0)
FNF:1
FNH:0
FNDA:0,(anonymous_0)
DA:3,1
DA:4,0
DA:6,0
DA:7,0
DA:8,0
DA:11,0
DA:12,0
DA:13,0
DA:16,0
LF:9
LH:1
BRDA:6,0,0,0
BRDA:11,1,0,0
BRDA:11,2,0,0
BRDA:11,2,1,0
BRF:4
BRH:0
end_of_record
TN:
SF:src\middleware\auth.ts
FN:22,(anonymous_0)
FN:77,(anonymous_1)
FNF:2
FNH:1
FNDA:9,(anonymous_0)
FNDA:0,(anonymous_1)
DA:2,1
DA:3,1
DA:22,1
DA:27,9
DA:28,9
DA:29,9
DA:31,9
DA:35,9
DA:36,1
DA:40,1
DA:42,8
DA:44,8
DA:46,8
DA:47,0
DA:51,0
DA:54,8
DA:77,8
DA:79,8
DA:81,0
DA:82,0
DA:87,0
DA:90,0
DA:91,0
DA:96,0
DA:99,0
DA:100,0
LF:26
LH:16
BRDA:29,0,0,0
BRDA:29,0,1,9
BRDA:31,1,0,8
BRDA:31,1,1,1
BRDA:35,2,0,1
BRDA:46,3,0,0
BRDA:62,4,0,8
BRDA:62,4,1,0
BRDA:68,5,0,8
BRDA:68,5,1,0
BRDA:81,6,0,0
BRDA:90,7,0,0
BRF:12
BRH:6
end_of_record
TN:
SF:src\middleware\errorLogger.ts
FN:8,(anonymous_0)
FN:20,(anonymous_1)
FN:56,(anonymous_2)
FN:118,sanitizeBody
FN:146,(anonymous_4)
FN:156,(anonymous_5)
FN:157,(anonymous_6)
FN:165,(anonymous_7)
FNF:8
FNH:2
FNDA:30,(anonymous_0)
FNDA:30,(anonymous_1)
FNDA:0,(anonymous_2)
FNDA:0,sanitizeBody
FNDA:0,(anonymous_4)
FNDA:0,(anonymous_5)
FNDA:0,(anonymous_6)
FNDA:0,(anonymous_7)
DA:8,1
DA:9,30
DA:10,30
DA:12,30
DA:13,30
DA:14,30
DA:15,30
DA:17,30
DA:20,30
DA:21,30
DA:22,30
DA:23,30
DA:25,30
DA:30,30
DA:56,1
DA:62,0
DA:63,0
DA:64,0
DA:67,0
DA:81,0
DA:82,0
DA:83,0
DA:84,0
DA:88,0
DA:89,0
DA:90,0
DA:91,0
DA:95,0
DA:103,0
DA:104,0
DA:108,0
DA:109,0
DA:112,0
DA:119,0
DA:121,0
DA:122,0
DA:133,0
DA:134,0
DA:135,0
DA:139,0
DA:146,1
DA:147,0
DA:148,0
DA:149,0
DA:156,1
DA:157,0
DA:158,0
DA:165,1
DA:171,0
DA:172,0
DA:179,0
DA:181,0
DA:188,0
LF:53
LH:18
BRDA:9,0,0,30
BRDA:9,0,1,0
BRDA:14,1,0,30
BRDA:14,1,1,30
BRDA:15,2,0,30
BRDA:15,2,1,30
BRDA:23,3,0,0
BRDA:23,3,1,30
BRDA:23,4,0,5
BRDA:23,4,1,25
BRDA:62,5,0,0
BRDA:62,5,1,0
BRDA:63,6,0,0
BRDA:63,6,1,0
BRDA:63,6,2,0
BRDA:73,7,0,0
BRDA:73,7,1,0
BRDA:74,8,0,0
BRDA:74,8,1,0
BRDA:76,9,0,0
BRDA:76,9,1,0
BRDA:76,9,2,0
BRDA:77,10,0,0
BRDA:77,10,1,0
BRDA:81,11,0,0
BRDA:88,12,0,0
BRDA:88,12,1,0
BRDA:90,13,0,0
BRDA:103,14,0,0
BRDA:103,15,0,0
BRDA:103,15,1,0
BRDA:108,16,0,0
BRDA:108,17,0,0
BRDA:108,17,1,0
BRDA:119,18,0,0
BRDA:134,19,0,0
BRDA:171,20,0,0
BRDA:179,21,0,0
BRDA:179,21,1,0
BRF:39
BRH:8
end_of_record
TN:
SF:src\middleware\rateLimiter.ts
FN:5,(anonymous_1)
FN:10,clientIp
FN:25,hybridKey
FN:48,(anonymous_4)
FN:75,getAuthLimiter
FN:98,(anonymous_6)
FN:136,(anonymous_7)
FNF:7
FNH:4
FNDA:7,(anonymous_1)
FNDA:0,clientIp
FNDA:0,hybridKey
FNDA:36,(anonymous_4)
FNDA:6,getAuthLimiter
FNDA:6,(anonymous_6)
FNDA:0,(anonymous_7)
DA:1,1
DA:3,1
DA:5,7
DA:11,0
DA:12,0
DA:13,0
DA:15,0
DA:27,0
DA:28,0
DA:29,0
DA:33,0
DA:34,0
DA:35,0
DA:36,0
DA:37,0
DA:43,0
DA:48,36
DA:54,1
DA:67,1
DA:76,6
DA:77,6
DA:80,0
DA:81,0
DA:95,0
DA:98,1
DA:99,6
DA:108,1
DA:121,1
DA:136,1
DA:137,0
DA:139,0
DA:140,0
DA:141,0
DA:142,0
DA:143,0
DA:144,0
DA:145,0
DA:151,0
LF:38
LH:13
BRDA:12,0,0,0
BRDA:15,1,0,0
BRDA:15,1,1,0
BRDA:28,2,0,0
BRDA:34,3,0,0
BRDA:37,4,0,0
BRDA:67,5,0,1
BRDA:67,5,1,0
BRDA:76,6,0,6
BRDA:80,7,0,0
BRDA:137,8,0,0
BRDA:140,9,0,0
BRDA:143,10,0,0
BRF:13
BRH:2
end_of_record
TN:
SF:src\middleware\uploadMiddleware.ts
FN:71,getFileCategory
FN:82,formatFileSize
FN:92,validateFileExtension
FN:133,(anonymous_4)
FN:177,(anonymous_5)
FN:237,(anonymous_6)
FN:242,(anonymous_7)
FNF:7
FNH:1
FNDA:0,getFileCategory
FNDA:0,formatFileSize
FNDA:0,validateFileExtension
FNDA:0,(anonymous_4)
FNDA:0,(anonymous_5)
FNDA:1,(anonymous_6)
FNDA:0,(anonymous_7)
DA:3,1
DA:7,1
DA:15,1
DA:21,1
DA:61,1
DA:72,0
DA:73,0
DA:74,0
DA:75,0
DA:76,0
DA:83,0
DA:84,0
DA:85,0
DA:86,0
DA:93,0
DA:94,0
DA:96,0
DA:121,0
DA:122,0
DA:126,1
DA:134,0
DA:137,0
DA:138,0
DA:141,0
DA:142,0
DA:146,0
DA:147,0
DA:150,0
DA:151,0
DA:155,0
DA:156,0
DA:157,0
DA:158,0
DA:159,0
DA:163,0
DA:164,0
DA:166,0
DA:167,0
DA:177,1
DA:178,0
DA:179,0
DA:182,0
DA:183,0
DA:185,0
DA:186,0
DA:187,0
DA:188,0
DA:190,0
DA:191,0
DA:192,0
DA:195,0
DA:203,0
DA:206,0
DA:209,0
DA:210,0
DA:213,0
DA:216,0
DA:220,0
DA:221,0
DA:222,0
DA:225,0
DA:226,0
DA:229,0
DA:232,0
DA:233,0
DA:237,1
DA:242,1
DA:247,1
LF:68
LH:10
BRDA:72,0,0,0
BRDA:73,1,0,0
BRDA:74,2,0,0
BRDA:75,3,0,0
BRDA:83,4,0,0
BRDA:84,5,0,0
BRDA:85,6,0,0
BRDA:94,7,0,0
BRDA:122,8,0,0
BRDA:122,8,1,0
BRDA:137,9,0,0
BRDA:146,10,0,0
BRDA:156,11,0,0
BRDA:178,12,0,0
BRDA:185,13,0,0
BRDA:188,14,0,0
BRDA:188,14,1,0
BRDA:190,15,0,0
BRDA:191,16,0,0
BRDA:214,17,0,0
BRDA:214,17,1,0
BRDA:221,18,0,0
BRDA:237,19,0,0
BRDA:242,20,0,0
BRDA:242,21,0,0
BRF:25
BRH:0
end_of_record
TN:
SF:src\middleware\validate.ts
FN:4,(anonymous_0)
FN:5,(anonymous_1)
FNF:2
FNH:2
FNDA:10,(anonymous_0)
FNDA:6,(anonymous_1)
DA:4,1
DA:5,10
DA:6,6
DA:7,6
DA:8,6
DA:10,0
LF:6
LH:5
BRF:0
BRH:0
end_of_record
TN:
SF:src\models\Chat.ts
FNF:0
FNH:0
DA:1,0
DA:20,0
DA:36,0
DA:70,0
DA:71,0
DA:72,0
DA:74,0
LF:7
LH:0
BRF:0
BRH:0
end_of_record
TN:
SF:src\models\ChatSession.ts
FNF:0
FNH:0
DA:1,1
DA:29,1
DA:48,1
DA:111,1
DA:112,1
DA:113,1
DA:114,1
DA:116,1
LF:8
LH:8
BRF:0
BRH:0
end_of_record
TN:
SF:src\models\Feedback.ts
FNF:0
FNH:0
DA:1,1
DA:11,1
DA:21,1
LF:3
LH:3
BRF:0
BRH:0
end_of_record
TN:
SF:src\models\File.ts
FNF:0
FNH:0
DA:1,1
DA:27,1
DA:86,1
DA:87,1
DA:88,1
DA:90,1
LF:6
LH:6
BRF:0
BRH:0
end_of_record
TN:
SF:src\models\FlashcardSet.ts
FNF:0
FNH:0
DA:1,1
DA:23,1
DA:49,1
DA:87,1
DA:88,1
DA:90,1
LF:6
LH:6
BRF:0
BRH:0
end_of_record
TN:
SF:src\models\Folder.ts
FNF:0
FNH:0
DA:1,1
DA:15,1
DA:57,1
DA:58,1
DA:59,1
DA:62,1
DA:69,1
LF:7
LH:7
BRF:0
BRH:0
end_of_record
TN:
SF:src\models\Job.ts
FNF:0
FNH:0
DA:1,1
DA:16,1
DA:53,1
LF:3
LH:3
BRF:0
BRH:0
end_of_record
TN:
SF:src\models\Note.ts
FNF:0
FNH:0
DA:1,1
DA:36,1
DA:138,1
DA:139,1
DA:140,1
DA:141,1
DA:142,1
DA:143,1
DA:146,1
DA:148,1
LF:10
LH:10
BRF:0
BRH:0
end_of_record
TN:
SF:src\models\OTP.ts
FNF:0
FNH:0
DA:1,1
DA:13,1
DA:50,1
DA:52,1
LF:4
LH:4
BRF:0
BRH:0
end_of_record
TN:
SF:src\models\Quiz.ts
FNF:0
FNH:0
DA:1,1
DA:22,1
DA:51,1
DA:85,1
DA:86,1
DA:88,1
LF:6
LH:6
BRF:0
BRH:0
end_of_record
TN:
SF:src\models\ReferralConversion.ts
FNF:0
FNH:0
DA:1,1
DA:17,1
DA:68,1
LF:3
LH:3
BRF:0
BRH:0
end_of_record
TN:
SF:src\models\ReferralPartner.ts
FNF:0
FNH:0
DA:1,1
DA:14,1
DA:52,1
LF:3
LH:3
BRF:0
BRH:0
end_of_record
TN:
SF:src\models\User.ts
FN:244,(anonymous_10)
FN:259,(anonymous_11)
FNF:2
FNH:1
FNDA:19,(anonymous_10)
FNDA:0,(anonymous_11)
DA:1,1
DA:2,1
DA:72,1
DA:244,1
DA:246,19
DA:248,13
DA:250,13
DA:251,13
DA:252,13
DA:254,0
DA:259,1
DA:263,0
DA:264,0
DA:266,0
DA:270,1
DA:271,1
DA:273,1
LF:17
LH:13
BRDA:246,0,0,6
BRDA:246,1,0,19
BRDA:246,1,1,19
BRDA:263,2,0,0
BRF:4
BRH:3
end_of_record
TN:
SF:src\queue\transcription.queue.ts
FN:8,(anonymous_1)
FN:31,(anonymous_2)
FNF:2
FNH:0
FNDA:0,(anonymous_1)
FNDA:0,(anonymous_2)
DA:1,1
DA:2,1
DA:5,1
DA:9,0
DA:10,0
DA:11,0
DA:13,0
DA:14,0
DA:20,1
DA:31,1
DA:32,0
DA:33,0
LF:12
LH:5
BRDA:9,0,0,0
BRF:1
BRH:0
end_of_record
TN:
SF:src\routes\admin.routes.ts
FNF:0
FNH:0
DA:1,1
DA:2,1
DA:3,1
DA:5,1
DA:7,1
DA:9,1
DA:10,1
DA:11,1
DA:12,1
DA:13,1
DA:14,1
DA:15,1
DA:16,1
DA:17,1
DA:18,1
DA:19,1
DA:20,1
DA:21,1
DA:22,1
DA:24,1
LF:20
LH:20
BRF:0
BRH:0
end_of_record
TN:
SF:src\routes\auth.routes.ts
FNF:0
FNH:0
DA:1,1
DA:2,1
DA:16,1
DA:17,1
DA:18,1
DA:19,1
DA:21,1
DA:24,1
DA:25,1
DA:28,1
DA:29,1
DA:32,1
DA:33,1
DA:36,1
DA:37,1
DA:40,1
DA:41,1
DA:42,1
DA:43,1
DA:44,1
DA:45,1
DA:47,1
LF:22
LH:22
BRF:0
BRH:0
end_of_record
TN:
SF:src\routes\chat.routes.ts
FNF:0
FNH:0
DA:1,1
DA:2,1
DA:3,1
DA:5,1
DA:8,1
DA:9,1
DA:12,1
DA:15,1
DA:18,1
DA:21,1
DA:24,1
DA:27,1
DA:30,1
DA:33,1
DA:35,1
LF:15
LH:15
BRF:0
BRH:0
end_of_record
TN:
SF:src\routes\feedback.routes.ts
FNF:0
FNH:0
DA:1,1
DA:2,1
DA:3,1
DA:5,1
DA:7,1
DA:9,1
LF:6
LH:6
BRF:0
BRH:0
end_of_record
TN:
SF:src\routes\flashcard.routes.ts
FNF:0
FNH:0
DA:1,1
DA:2,1
DA:3,1
DA:5,1
DA:8,1
DA:9,1
DA:12,1
DA:15,1
DA:18,1
DA:21,1
DA:24,1
DA:27,1
DA:29,1
LF:13
LH:13
BRF:0
BRH:0
end_of_record
TN:
SF:src\routes\folder.routes.ts
FNF:0
FNH:0
DA:1,1
DA:2,1
DA:3,1
DA:5,1
DA:8,1
DA:15,1
DA:22,1
DA:29,1
DA:36,1
DA:38,1
LF:10
LH:10
BRF:0
BRH:0
end_of_record
TN:
SF:src\routes\job.routes.ts
FNF:0
FNH:0
DA:1,1
DA:2,1
DA:3,1
DA:5,1
DA:7,1
DA:8,1
DA:10,1
LF:7
LH:7
BRF:0
BRH:0
end_of_record
TN:
SF:src\routes\note.routes.ts
FNF:0
FNH:0
DA:1,1
DA:2,1
DA:3,1
DA:4,1
DA:6,1
DA:13,1
DA:20,1
DA:23,1
DA:30,1
DA:37,1
DA:44,1
DA:51,1
DA:58,1
DA:65,1
DA:72,1
DA:79,1
DA:86,1
DA:93,1
DA:100,1
DA:107,1
DA:114,1
DA:116,1
LF:22
LH:22
BRF:0
BRH:0
end_of_record
TN:
SF:src\routes\otp.routes.ts
FNF:0
FNH:0
DA:1,1
DA:2,1
DA:10,1
DA:11,1
DA:18,1
DA:21,1
DA:24,1
DA:25,1
DA:28,1
DA:29,1
DA:32,1
DA:33,1
DA:36,1
DA:38,1
LF:14
LH:14
BRF:0
BRH:0
end_of_record
TN:
SF:src\routes\quiz.routes.ts
FN:31,(anonymous_1)
FNF:1
FNH:0
FNDA:0,(anonymous_1)
DA:1,1
DA:2,1
DA:3,1
DA:5,1
DA:8,1
DA:16,1
DA:17,1
DA:24,1
DA:31,1
DA:32,1
DA:39,1
DA:46,1
DA:53,1
DA:55,1
LF:14
LH:14
BRF:0
BRH:0
end_of_record
TN:
SF:src\routes\referral.routes.ts
FNF:0
FNH:0
DA:1,1
DA:2,1
DA:3,1
DA:5,1
DA:8,1
DA:11,1
DA:13,1
LF:7
LH:7
BRF:0
BRH:0
end_of_record
TN:
SF:src\routes\upload.routes.ts
FNF:0
FNH:0
DA:3,1
DA:4,1
DA:5,1
DA:6,1
DA:9,1
DA:14,1
DA:17,1
DA:20,1
DA:23,1
DA:26,1
DA:29,1
DA:32,1
DA:35,1
DA:38,1
DA:40,1
LF:15
LH:15
BRF:0
BRH:0
end_of_record
TN:
SF:src\routes\webhook.routes.ts
FNF:0
FNH:0
DA:1,1
DA:2,1
DA:3,1
DA:5,1
DA:11,1
DA:17,1
LF:6
LH:6
BRF:0
BRH:0
end_of_record
TN:
SF:src\routes\youtube.routes.ts
FNF:0
FNH:0
DA:2,1
DA:3,1
DA:12,1
DA:14,1
DA:21,1
DA:28,1
DA:35,1
DA:42,1
DA:56,1
DA:63,1
DA:65,1
LF:11
LH:11
BRF:0
BRH:0
end_of_record
TN:
SF:src\scripts\backfill-referral-codes.ts
FN:13,generateUniqueUserCode
FN:24,run
FN:62,(anonymous_3)
FNF:3
FNH:0
FNDA:0,generateUniqueUserCode
FNDA:0,run
FNDA:0,(anonymous_3)
DA:7,0
DA:8,0
DA:10,0
DA:11,0
DA:14,0
DA:15,0
DA:16,0
DA:17,0
DA:18,0
DA:19,0
DA:21,0
DA:25,0
DA:26,0
DA:28,0
DA:29,0
DA:31,0
DA:39,0
DA:41,0
DA:42,0
DA:44,0
DA:45,0
DA:46,0
DA:47,0
DA:48,0
DA:49,0
DA:50,0
DA:53,0
DA:54,0
DA:58,0
DA:59,0
DA:62,0
DA:63,0
DA:64,0
LF:33
LH:0
BRDA:19,0,0,0
BRDA:26,1,0,0
BRDA:49,2,0,0
BRF:3
BRH:0
end_of_record
TN:
SF:src\scripts\seed-referral-partners.ts
FN:43,seedReferralPartners
FN:53,(anonymous_2)
FN:61,(anonymous_3)
FNF:3
FNH:0
FNDA:0,seedReferralPartners
FNDA:0,(anonymous_2)
FNDA:0,(anonymous_3)
DA:10,0
DA:11,0
DA:12,0
DA:14,0
DA:16,0
DA:44,0
DA:45,0
DA:46,0
DA:48,0
DA:49,0
DA:52,0
DA:53,0
DA:55,0
DA:58,0
DA:59,0
DA:61,0
DA:62,0
DA:65,0
DA:66,0
DA:67,0
DA:70,0
DA:71,0
DA:73,0
DA:74,0
DA:78,0
LF:25
LH:0
BRDA:45,0,0,0
BRDA:45,0,1,0
BRF:2
BRH:0
end_of_record
TN:
SF:src\services\auth.service.ts
FN:7,hashToken
FN:22,issueAndStoreTokens
FNF:2
FNH:2
FNDA:6,hashToken
FNDA:6,issueAndStoreTokens
DA:1,1
DA:3,1
DA:7,1
DA:8,6
DA:11,1
DA:12,1
DA:22,1
DA:25,6
DA:32,6
DA:33,6
DA:35,6
DA:36,0
DA:41,6
DA:42,0
DA:47,6
DA:48,6
DA:50,6
LF:17
LH:15
BRDA:35,0,0,0
BRDA:41,1,0,0
BRF:2
BRH:0
end_of_record
TN:
SF:src\services\chat.service.ts
FN:26,(anonymous_10)
FN:67,(anonymous_11)
FN:110,(anonymous_12)
FN:111,(anonymous_13)
FN:112,(anonymous_14)
FN:119,(anonymous_15)
FN:188,(anonymous_16)
FN:212,(anonymous_17)
FN:215,(anonymous_18)
FN:234,(anonymous_19)
FN:241,(anonymous_20)
FN:263,(anonymous_21)
FN:276,(anonymous_22)
FN:288,(anonymous_23)
FN:306,(anonymous_24)
FN:315,(anonymous_25)
FNF:16
FNH:0
FNDA:0,(anonymous_10)
FNDA:0,(anonymous_11)
FNDA:0,(anonymous_12)
FNDA:0,(anonymous_13)
FNDA:0,(anonymous_14)
FNDA:0,(anonymous_15)
FNDA:0,(anonymous_16)
FNDA:0,(anonymous_17)
FNDA:0,(anonymous_18)
FNDA:0,(anonymous_19)
FNDA:0,(anonymous_20)
FNDA:0,(anonymous_21)
FNDA:0,(anonymous_22)
FNDA:0,(anonymous_23)
FNDA:0,(anonymous_24)
FNDA:0,(anonymous_25)
DA:1,1
DA:2,1
DA:3,1
DA:4,1
DA:34,0
DA:35,0
DA:38,0
DA:44,0
DA:45,0
DA:48,0
DA:49,0
DA:52,0
DA:54,0
DA:59,0
DA:60,0
DA:73,0
DA:74,0
DA:77,0
DA:81,0
DA:88,0
DA:90,0
DA:97,0
DA:98,0
DA:105,0
DA:109,0
DA:110,0
DA:112,0
DA:115,0
DA:118,0
DA:120,0
DA:121,0
DA:122,0
DA:126,0
DA:157,0
DA:162,0
DA:166,0
DA:175,0
DA:180,0
DA:181,0
DA:192,0
DA:193,0
DA:195,0
DA:200,0
DA:202,0
DA:204,0
DA:205,0
DA:213,0
DA:214,0
DA:215,0
DA:218,0
DA:222,0
DA:224,0
DA:226,0
DA:227,0
DA:238,0
DA:239,0
DA:240,0
DA:241,0
DA:244,0
DA:251,0
DA:253,0
DA:255,0
DA:256,0
DA:264,0
DA:265,0
DA:266,0
DA:268,0
DA:269,0
DA:277,0
DA:278,0
DA:279,0
DA:281,0
DA:289,0
DA:290,0
DA:292,0
DA:298,0
DA:299,0
DA:313,0
DA:315,0
DA:318,0
DA:320,0
DA:321,0
DA:326,0
DA:328,0
DA:329,0
DA:332,0
DA:335,0
DA:341,0
DA:342,0
DA:347,1
LF:90
LH:5
BRDA:29,0,0,0
BRDA:70,1,0,0
BRDA:71,2,0,0
BRDA:88,3,0,0
BRDA:97,4,0,0
BRDA:110,5,0,0
BRDA:110,5,1,0
BRDA:120,6,0,0
BRDA:120,6,1,0
BRDA:120,6,2,0
BRDA:121,7,0,0
BRDA:121,7,1,0
BRDA:126,8,0,0
BRDA:126,8,1,0
BRDA:162,9,0,0
BRDA:162,9,1,0
BRDA:166,10,0,0
BRDA:166,10,1,0
BRDA:190,11,0,0
BRDA:215,12,0,0
BRDA:215,12,1,0
BRDA:241,13,0,0
BRDA:241,13,1,0
BRDA:253,14,0,0
BRDA:253,14,1,0
BRDA:320,15,0,0
BRDA:326,16,0,0
BRDA:326,16,1,0
BRDA:326,16,2,0
BRDA:328,17,0,0
BRF:30
BRH:0
end_of_record
TN:
SF:src\services\email.service.ts
FN:4,(anonymous_1)
FN:17,(anonymous_2)
FN:22,(anonymous_3)
FN:99,(anonymous_4)
FNF:4
FNH:0
FNDA:0,(anonymous_1)
FNDA:0,(anonymous_2)
FNDA:0,(anonymous_3)
FNDA:0,(anonymous_4)
DA:1,1
DA:4,1
DA:5,0
DA:17,1
DA:18,0
DA:22,1
DA:27,0
DA:29,0
DA:35,0
DA:41,0
DA:83,0
DA:84,0
DA:90,0
DA:91,0
DA:93,0
DA:94,0
DA:99,1
DA:100,0
DA:101,0
DA:102,0
DA:103,0
DA:104,0
DA:106,0
DA:107,0
LF:24
LH:5
BRDA:6,0,0,0
BRDA:6,0,1,0
BRDA:7,1,0,0
BRDA:7,1,1,0
BRDA:85,2,0,0
BRDA:85,2,1,0
BRF:6
BRH:0
end_of_record
TN:
SF:src\services\embedding.gemini.service.ts
FN:11,(anonymous_0)
FN:33,(anonymous_1)
FN:61,(anonymous_2)
FN:73,(anonymous_3)
FN:88,(anonymous_4)
FN:95,(anonymous_5)
FNF:6
FNH:0
FNDA:0,(anonymous_0)
FNDA:0,(anonymous_1)
FNDA:0,(anonymous_2)
FNDA:0,(anonymous_3)
FNDA:0,(anonymous_4)
FNDA:0,(anonymous_5)
DA:1,0
DA:12,0
DA:13,0
DA:15,0
DA:16,0
DA:19,0
DA:21,0
DA:23,0
DA:25,0
DA:26,0
DA:34,0
DA:36,0
DA:38,0
DA:40,0
DA:41,0
DA:44,0
DA:46,0
DA:48,0
DA:49,0
DA:50,0
DA:51,0
DA:54,0
DA:62,0
DA:63,0
DA:65,0
DA:68,0
DA:69,0
DA:70,0
DA:73,0
DA:76,0
DA:77,0
DA:79,0
DA:80,0
DA:89,0
DA:96,0
DA:97,0
DA:98,0
DA:100,0
DA:105,0
LF:39
LH:0
BRDA:15,0,0,0
BRDA:15,1,0,0
BRDA:15,1,1,0
BRDA:40,2,0,0
BRDA:40,3,0,0
BRDA:40,3,1,0
BRDA:48,4,0,0
BRDA:48,4,1,0
BRDA:48,5,0,0
BRDA:48,5,1,0
BRDA:50,6,0,0
BRDA:50,7,0,0
BRDA:50,7,1,0
BRF:13
BRH:0
end_of_record
TN:
SF:src\services\embedding.service.ts
FN:8,(anonymous_0)
FN:33,(anonymous_1)
FN:63,(anonymous_2)
FN:82,(anonymous_3)
FN:94,(anonymous_4)
FN:96,(anonymous_5)
FN:121,(anonymous_6)
FN:127,(anonymous_7)
FN:142,(anonymous_8)
FN:171,(anonymous_9)
FN:183,(anonymous_10)
FNF:11
FNH:0
FNDA:0,(anonymous_0)
FNDA:0,(anonymous_1)
FNDA:0,(anonymous_2)
FNDA:0,(anonymous_3)
FNDA:0,(anonymous_4)
FNDA:0,(anonymous_5)
FNDA:0,(anonymous_6)
FNDA:0,(anonymous_7)
FNDA:0,(anonymous_8)
FNDA:0,(anonymous_9)
FNDA:0,(anonymous_10)
DA:1,0
DA:9,0
DA:10,0
DA:11,0
DA:12,0
DA:15,0
DA:19,0
DA:21,0
DA:23,0
DA:25,0
DA:26,0
DA:34,0
DA:36,0
DA:38,0
DA:43,0
DA:48,0
DA:50,0
DA:51,0
DA:54,0
DA:55,0
DA:56,0
DA:57,0
DA:59,0
DA:60,0
DA:63,0
DA:65,0
DA:67,0
DA:69,0
DA:70,0
DA:71,0
DA:72,0
DA:75,0
DA:83,0
DA:84,0
DA:87,0
DA:88,0
DA:90,0
DA:91,0
DA:94,0
DA:96,0
DA:101,0
DA:106,0
DA:108,0
DA:109,0
DA:112,0
DA:113,0
DA:114,0
DA:115,0
DA:117,0
DA:118,0
DA:121,0
DA:122,0
DA:126,0
DA:127,0
DA:131,0
DA:132,0
DA:134,0
DA:135,0
DA:143,0
DA:144,0
DA:146,0
DA:151,0
DA:156,0
DA:158,0
DA:159,0
DA:162,0
DA:163,0
DA:164,0
DA:165,0
DA:167,0
DA:168,0
DA:171,0
DA:173,0
DA:175,0
DA:176,0
DA:184,0
DA:185,0
DA:186,0
DA:188,0
DA:193,0
LF:80
LH:0
BRDA:11,0,0,0
BRDA:19,1,0,0
BRDA:19,1,1,0
BRDA:50,2,0,0
BRDA:50,3,0,0
BRDA:50,3,1,0
BRDA:59,4,0,0
BRDA:69,5,0,0
BRDA:69,5,1,0
BRDA:69,6,0,0
BRDA:69,6,1,0
BRDA:71,7,0,0
BRDA:71,8,0,0
BRDA:71,8,1,0
BRDA:108,9,0,0
BRDA:108,10,0,0
BRDA:108,10,1,0
BRDA:117,11,0,0
BRDA:126,12,0,0
BRDA:158,13,0,0
BRDA:158,14,0,0
BRDA:158,14,1,0
BRDA:167,15,0,0
BRF:23
BRH:0
end_of_record
TN:
SF:src\services\embedding.vertexai.service.ts
FN:14,(anonymous_1)
FN:41,(anonymous_2)
FN:92,(anonymous_3)
FN:104,(anonymous_4)
FN:118,(anonymous_5)
FNF:5
FNH:1
FNDA:1,(anonymous_1)
FNDA:0,(anonymous_2)
FNDA:0,(anonymous_3)
FNDA:0,(anonymous_4)
FNDA:0,(anonymous_5)
DA:1,1
DA:2,1
DA:15,1
DA:16,1
DA:17,1
DA:19,1
DA:20,0
DA:23,1
DA:24,1
DA:27,1
DA:31,1
DA:33,0
DA:34,0
DA:42,0
DA:44,0
DA:46,0
DA:47,0
DA:49,0
DA:51,0
DA:69,0
DA:71,0
DA:72,0
DA:75,0
DA:77,0
DA:79,0
DA:80,0
DA:81,0
DA:82,0
DA:85,0
DA:93,0
DA:94,0
DA:96,0
DA:99,0
DA:100,0
DA:101,0
DA:104,0
DA:107,0
DA:108,0
DA:110,0
DA:111,0
DA:120,0
DA:124,1
LF:42
LH:11
BRDA:17,0,0,1
BRDA:17,0,1,0
BRDA:19,1,0,0
BRDA:71,2,0,0
BRDA:71,3,0,0
BRDA:71,3,1,0
BRDA:79,4,0,0
BRDA:79,4,1,0
BRDA:79,5,0,0
BRDA:79,5,1,0
BRDA:81,6,0,0
BRDA:81,7,0,0
BRDA:81,7,1,0
BRF:13
BRH:1
end_of_record
TN:
SF:src\services\flashcardGeneration.service.ts
FN:22,(anonymous_1)
FN:62,(anonymous_2)
FN:145,(anonymous_3)
FN:183,(anonymous_4)
FN:197,(anonymous_5)
FN:211,(anonymous_6)
FN:225,(anonymous_7)
FN:240,(anonymous_8)
FNF:8
FNH:0
FNDA:0,(anonymous_1)
FNDA:0,(anonymous_2)
FNDA:0,(anonymous_3)
FNDA:0,(anonymous_4)
FNDA:0,(anonymous_5)
FNDA:0,(anonymous_6)
FNDA:0,(anonymous_7)
FNDA:0,(anonymous_8)
DA:1,1
DA:27,0
DA:34,0
DA:36,0
DA:47,0
DA:50,0
DA:52,0
DA:54,0
DA:55,0
DA:72,0
DA:79,0
DA:83,0
DA:87,0
DA:91,0
DA:147,0
DA:148,0
DA:151,0
DA:152,0
DA:154,0
DA:156,0
DA:157,0
DA:158,0
DA:162,0
DA:165,0
DA:173,0
DA:174,0
DA:177,0
DA:184,0
DA:191,0
DA:201,0
DA:215,0
DA:230,0
DA:241,0
DA:248,1
LF:34
LH:2
BRDA:25,0,0,0
BRDA:29,1,0,0
BRDA:30,2,0,0
BRDA:31,3,0,0
BRDA:32,4,0,0
BRDA:72,5,0,0
BRDA:72,5,1,0
BRDA:74,6,0,0
BRDA:74,6,1,0
BRDA:79,7,0,0
BRDA:79,7,1,0
BRDA:83,8,0,0
BRDA:83,8,1,0
BRDA:87,9,0,0
BRDA:87,9,1,0
BRDA:147,10,0,0
BRDA:147,11,0,0
BRDA:147,11,1,0
BRDA:156,12,0,0
BRDA:156,13,0,0
BRDA:156,13,1,0
BRDA:162,14,0,0
BRDA:162,14,1,0
BRDA:173,15,0,0
BRDA:191,16,0,0
BRDA:191,16,1,0
BRF:26
BRH:0
end_of_record
TN:
SF:src\services\folder.service.ts
FN:12,(anonymous_1)
FN:28,(anonymous_2)
FN:65,(anonymous_3)
FN:98,(anonymous_4)
FNF:4
FNH:0
FNDA:0,(anonymous_1)
FNDA:0,(anonymous_2)
FNDA:0,(anonymous_3)
FNDA:0,(anonymous_4)
DA:1,1
DA:2,1
DA:3,1
DA:12,1
DA:18,0
DA:19,0
DA:20,0
DA:28,1
DA:29,0
DA:30,0
DA:31,0
DA:32,0
DA:35,0
DA:65,1
DA:70,0
DA:76,0
DA:77,0
DA:81,0
DA:82,0
DA:84,0
DA:85,0
DA:88,0
DA:89,0
DA:98,1
DA:102,0
DA:108,0
DA:109,0
DA:113,0
DA:114,0
DA:116,0
DA:118,0
DA:125,0
DA:126,0
DA:128,0
DA:129,0
DA:131,0
DA:133,0
DA:134,0
DA:135,0
LF:39
LH:7
BRDA:16,0,0,0
BRDA:31,1,0,0
BRDA:76,2,0,0
BRDA:81,3,0,0
BRDA:84,4,0,0
BRDA:108,5,0,0
BRF:6
BRH:0
end_of_record
TN:
SF:src\services\gemini.service.ts
FN:8,(anonymous_0)
FN:19,(anonymous_1)
FN:51,(anonymous_2)
FN:101,(anonymous_3)
FN:124,(anonymous_4)
FN:137,(anonymous_5)
FN:167,(anonymous_6)
FN:181,(anonymous_7)
FNF:8
FNH:0
FNDA:0,(anonymous_0)
FNDA:0,(anonymous_1)
FNDA:0,(anonymous_2)
FNDA:0,(anonymous_3)
FNDA:0,(anonymous_4)
FNDA:0,(anonymous_5)
FNDA:0,(anonymous_6)
FNDA:0,(anonymous_7)
DA:2,0
DA:3,0
DA:9,0
DA:11,0
DA:12,0
DA:15,0
DA:16,0
DA:20,0
DA:21,0
DA:28,0
DA:29,0
DA:30,0
DA:32,0
DA:34,0
DA:35,0
DA:38,0
DA:39,0
DA:42,0
DA:47,0
DA:52,0
DA:53,0
DA:61,0
DA:62,0
DA:63,0
DA:65,0
DA:67,0
DA:68,0
DA:72,0
DA:73,0
DA:74,0
DA:76,0
DA:77,0
DA:81,0
DA:82,0
DA:84,0
DA:85,0
DA:88,0
DA:89,0
DA:92,0
DA:97,0
DA:102,0
DA:103,0
DA:105,0
DA:115,0
DA:116,0
DA:117,0
DA:119,0
DA:120,0
DA:128,0
DA:129,0
DA:137,0
DA:142,0
DA:144,0
DA:145,0
DA:146,0
DA:148,0
DA:150,0
DA:151,0
DA:154,0
DA:155,0
DA:158,0
DA:163,0
DA:171,0
DA:172,0
DA:181,0
DA:186,0
DA:187,0
DA:188,0
DA:190,0
DA:191,0
DA:194,0
DA:195,0
DA:198,0
DA:199,0
DA:204,0
LF:75
LH:0
BRDA:11,0,0,0
BRDA:11,1,0,0
BRDA:11,1,1,0
BRDA:32,2,0,0
BRDA:32,2,1,0
BRDA:34,3,0,0
BRDA:65,4,0,0
BRDA:65,4,1,0
BRDA:67,5,0,0
BRDA:73,6,0,0
BRDA:73,6,1,0
BRDA:77,7,0,0
BRDA:77,7,1,0
BRDA:101,8,0,0
BRDA:131,9,0,0
BRDA:131,9,1,0
BRDA:138,10,0,0
BRDA:138,10,1,0
BRDA:148,11,0,0
BRDA:148,11,1,0
BRDA:150,12,0,0
BRDA:174,13,0,0
BRDA:174,13,1,0
BRDA:182,14,0,0
BRDA:182,14,1,0
BRDA:188,15,0,0
BRDA:188,15,1,0
BRDA:190,16,0,0
BRF:28
BRH:0
end_of_record
TN:
SF:src\services\job.service.ts
FN:5,createJob
FN:16,updateJob
FN:23,getJobForUser
FNF:3
FNH:0
FNDA:0,createJob
FNDA:0,updateJob
FNDA:0,getJobForUser
DA:1,1
DA:2,1
DA:3,1
DA:5,1
DA:6,0
DA:7,0
DA:13,0
DA:16,1
DA:20,0
DA:23,1
DA:24,0
LF:11
LH:6
BRF:0
BRH:0
end_of_record
TN:
SF:src\services\minio.service.ts
FN:27,(anonymous_0)
FN:51,(anonymous_1)
FN:78,(anonymous_2)
FN:102,(anonymous_3)
FNF:4
FNH:0
FNDA:0,(anonymous_0)
FNDA:0,(anonymous_1)
FNDA:0,(anonymous_2)
FNDA:0,(anonymous_3)
DA:3,0
DA:4,0
DA:8,0
DA:18,0
DA:28,0
DA:29,0
DA:31,0
DA:38,0
DA:39,0
DA:40,0
DA:42,0
DA:43,0
DA:52,0
DA:53,0
DA:55,0
DA:63,0
DA:64,0
DA:65,0
DA:67,0
DA:68,0
DA:79,0
DA:89,0
DA:93,0
DA:94,0
DA:103,0
DA:107,0
DA:108,0
DA:112,0
LF:28
LH:0
BRDA:78,0,0,0
BRF:1
BRH:0
end_of_record
TN:
SF:src\services\note.service.ts
FN:28,(anonymous_10)
FN:49,(anonymous_11)
FN:65,(anonymous_12)
FN:76,(anonymous_13)
FN:106,(anonymous_14)
FN:128,(anonymous_15)
FN:156,(anonymous_16)
FN:167,(anonymous_17)
FN:218,(anonymous_18)
FN:230,(anonymous_19)
FN:250,(anonymous_20)
FN:291,(anonymous_21)
FN:304,(anonymous_22)
FNF:13
FNH:0
FNDA:0,(anonymous_10)
FNDA:0,(anonymous_11)
FNDA:0,(anonymous_12)
FNDA:0,(anonymous_13)
FNDA:0,(anonymous_14)
FNDA:0,(anonymous_15)
FNDA:0,(anonymous_16)
FNDA:0,(anonymous_17)
FNDA:0,(anonymous_18)
FNDA:0,(anonymous_19)
FNDA:0,(anonymous_20)
FNDA:0,(anonymous_21)
FNDA:0,(anonymous_22)
DA:1,1
DA:2,1
DA:3,1
DA:4,1
DA:28,1
DA:29,0
DA:32,0
DA:33,0
DA:34,0
DA:35,0
DA:39,0
DA:40,0
DA:41,0
DA:49,1
DA:53,0
DA:54,0
DA:55,0
DA:56,0
DA:65,1
DA:66,0
DA:76,1
DA:81,0
DA:84,0
DA:85,0
DA:86,0
DA:87,0
DA:91,0
DA:97,0
DA:106,1
DA:110,0
DA:112,0
DA:113,0
DA:116,0
DA:117,0
DA:119,0
DA:128,1
DA:129,0
DA:131,0
DA:132,0
DA:135,0
DA:137,0
DA:138,0
DA:139,0
DA:142,0
DA:143,0
DA:144,0
DA:147,0
DA:148,0
DA:156,1
DA:157,0
DA:167,1
DA:176,0
DA:182,0
DA:183,0
DA:187,0
DA:188,0
DA:191,0
DA:192,0
DA:195,0
DA:196,0
DA:200,0
DA:201,0
DA:207,0
DA:218,1
DA:219,0
DA:221,0
DA:222,0
DA:225,0
DA:226,0
DA:230,0
DA:233,0
DA:236,0
DA:237,0
DA:238,0
DA:240,0
DA:250,1
DA:255,0
DA:257,0
DA:258,0
DA:262,0
DA:263,0
DA:269,0
DA:270,0
DA:273,0
DA:276,0
DA:279,0
DA:280,0
DA:291,1
DA:297,0
DA:299,0
DA:300,0
DA:304,0
DA:307,0
DA:308,0
DA:309,0
DA:310,0
DA:312,0
DA:313,0
DA:317,0
DA:318,0
DA:319,0
DA:321,0
DA:323,0
DA:324,0
DA:325,0
DA:328,0
DA:329,0
DA:330,0
DA:333,0
DA:334,0
DA:335,0
DA:339,0
DA:340,0
DA:347,0
DA:348,0
DA:349,0
DA:350,0
DA:352,0
DA:353,0
DA:354,0
DA:356,0
DA:357,0
DA:358,0
DA:363,0
DA:365,0
LF:125
LH:15
BRDA:32,0,0,0
BRDA:34,1,0,0
BRDA:54,2,0,0
BRDA:55,3,0,0
BRDA:84,4,0,0
BRDA:86,5,0,0
BRDA:112,6,0,0
BRDA:131,7,0,0
BRDA:135,8,0,0
BRDA:135,8,1,0
BRDA:182,9,0,0
BRDA:182,10,0,0
BRDA:182,10,1,0
BRDA:187,11,0,0
BRDA:191,12,0,0
BRDA:195,13,0,0
BRDA:195,14,0,0
BRDA:195,14,1,0
BRDA:200,15,0,0
BRDA:200,16,0,0
BRDA:200,16,1,0
BRDA:221,17,0,0
BRDA:225,18,0,0
BRDA:225,19,0,0
BRDA:225,19,1,0
BRDA:257,20,0,0
BRDA:262,21,0,0
BRDA:262,21,1,0
BRDA:269,22,0,0
BRDA:299,23,0,0
BRDA:308,24,0,0
BRDA:308,24,1,0
BRDA:309,25,0,0
BRDA:309,25,1,0
BRDA:310,26,0,0
BRDA:310,26,1,0
BRDA:312,27,0,0
BRDA:312,28,0,0
BRDA:312,28,1,0
BRDA:312,28,2,0
BRDA:317,29,0,0
BRDA:318,30,0,0
BRDA:319,31,0,0
BRDA:323,32,0,0
BRDA:328,33,0,0
BRDA:333,34,0,0
BRDA:339,35,0,0
BRDA:339,35,1,0
BRDA:348,36,0,0
BRDA:352,37,0,0
BRDA:356,38,0,0
BRF:51
BRH:0
end_of_record
TN:
SF:src\services\noteGeneration.service.ts
FN:8,(anonymous_1)
FN:45,(anonymous_2)
FN:115,(anonymous_3)
FN:185,(anonymous_4)
FN:225,(anonymous_5)
FN:242,(anonymous_6)
FN:265,(anonymous_7)
FNF:7
FNH:0
FNDA:0,(anonymous_1)
FNDA:0,(anonymous_2)
FNDA:0,(anonymous_3)
FNDA:0,(anonymous_4)
FNDA:0,(anonymous_5)
FNDA:0,(anonymous_6)
FNDA:0,(anonymous_7)
DA:2,1
DA:13,0
DA:14,0
DA:15,0
DA:17,0
DA:19,0
DA:23,0
DA:24,0
DA:25,0
DA:26,0
DA:28,0
DA:31,0
DA:37,0
DA:38,0
DA:51,0
DA:52,0
DA:55,0
DA:57,0
DA:65,0
DA:116,0
DA:119,0
DA:124,0
DA:128,0
DA:133,0
DA:137,0
DA:142,0
DA:146,0
DA:151,0
DA:155,0
DA:156,0
DA:160,0
DA:161,0
DA:165,0
DA:166,0
DA:170,0
DA:171,0
DA:175,0
DA:176,0
DA:179,0
DA:186,0
DA:218,0
DA:230,0
DA:231,0
DA:232,0
DA:233,0
DA:235,0
DA:243,0
DA:244,0
DA:256,0
DA:258,0
DA:266,0
DA:267,0
DA:280,0
DA:282,0
DA:287,1
LF:55
LH:2
BRDA:14,0,0,0
BRDA:14,0,1,0
BRDA:15,1,0,0
BRDA:15,1,1,0
BRDA:24,2,0,0
BRDA:24,2,1,0
BRDA:25,3,0,0
BRDA:25,3,1,0
BRDA:26,4,0,0
BRDA:57,5,0,0
BRDA:57,5,1,0
BRDA:59,6,0,0
BRDA:59,6,1,0
BRDA:61,7,0,0
BRDA:61,7,1,0
BRDA:119,8,0,0
BRDA:128,9,0,0
BRDA:137,10,0,0
BRDA:146,11,0,0
BRDA:155,12,0,0
BRDA:160,13,0,0
BRDA:165,14,0,0
BRDA:170,15,0,0
BRDA:175,16,0,0
BRDA:218,17,0,0
BRDA:218,17,1,0
BRDA:265,18,0,0
BRF:27
BRH:0
end_of_record
TN:
SF:src\services\ocr.service.ts
FN:11,convertHeicToJpeg
FN:12,(anonymous_11)
FN:30,(anonymous_12)
FN:47,(anonymous_13)
FN:67,(anonymous_14)
FN:91,(anonymous_15)
FN:110,(anonymous_16)
FN:128,(anonymous_17)
FN:164,(anonymous_18)
FN:180,(anonymous_19)
FN:213,(anonymous_20)
FN:234,(anonymous_21)
FN:257,(anonymous_22)
FN:271,(anonymous_23)
FNF:14
FNH:0
FNDA:0,convertHeicToJpeg
FNDA:0,(anonymous_11)
FNDA:0,(anonymous_12)
FNDA:0,(anonymous_13)
FNDA:0,(anonymous_14)
FNDA:0,(anonymous_15)
FNDA:0,(anonymous_16)
FNDA:0,(anonymous_17)
FNDA:0,(anonymous_18)
FNDA:0,(anonymous_19)
FNDA:0,(anonymous_20)
FNDA:0,(anonymous_21)
FNDA:0,(anonymous_22)
FNDA:0,(anonymous_23)
DA:3,1
DA:4,1
DA:5,1
DA:6,1
DA:7,1
DA:8,1
DA:12,0
DA:13,0
DA:14,0
DA:15,0
DA:17,0
DA:18,0
DA:20,0
DA:23,0
DA:30,0
DA:31,0
DA:33,0
DA:34,0
DA:35,0
DA:36,0
DA:37,0
DA:39,0
DA:42,0
DA:43,0
DA:47,0
DA:48,0
DA:49,0
DA:68,0
DA:69,0
DA:72,0
DA:75,0
DA:76,0
DA:79,0
DA:80,0
DA:81,0
DA:82,0
DA:83,0
DA:85,0
DA:91,0
DA:92,0
DA:93,0
DA:95,0
DA:97,0
DA:102,0
DA:103,0
DA:115,0
DA:116,0
DA:119,0
DA:121,0
DA:124,0
DA:127,0
DA:129,0
DA:130,0
DA:131,0
DA:136,0
DA:137,0
DA:138,0
DA:140,0
DA:142,0
DA:144,0
DA:149,0
DA:150,0
DA:151,0
DA:152,0
DA:154,0
DA:157,0
DA:173,0
DA:175,0
DA:177,0
DA:179,0
DA:181,0
DA:182,0
DA:187,0
DA:188,0
DA:189,0
DA:191,0
DA:193,0
DA:198,0
DA:199,0
DA:200,0
DA:201,0
DA:203,0
DA:206,0
DA:221,0
DA:223,0
DA:225,0
DA:227,0
DA:228,0
DA:230,0
DA:232,0
DA:234,0
DA:242,0
DA:243,0
DA:244,0
DA:245,0
DA:247,0
DA:250,0
DA:258,0
DA:259,0
DA:262,0
DA:264,0
DA:272,0
DA:290,1
LF:103
LH:7
BRDA:33,0,0,0
BRDA:33,0,1,0
BRDA:72,1,0,0
BRDA:72,1,1,0
BRDA:79,2,0,0
BRDA:79,2,1,0
BRDA:80,3,0,0
BRDA:92,4,0,0
BRDA:92,4,1,0
BRDA:92,5,0,0
BRDA:92,5,1,0
BRDA:119,6,0,0
BRDA:119,6,1,0
BRDA:129,7,0,0
BRDA:130,8,0,0
BRDA:130,8,1,0
BRDA:137,9,0,0
BRDA:137,9,1,0
BRDA:138,10,0,0
BRDA:138,10,1,0
BRDA:150,11,0,0
BRDA:166,12,0,0
BRDA:175,13,0,0
BRDA:175,13,1,0
BRDA:181,14,0,0
BRDA:182,15,0,0
BRDA:182,15,1,0
BRDA:188,16,0,0
BRDA:188,16,1,0
BRDA:189,17,0,0
BRDA:189,17,1,0
BRDA:199,18,0,0
BRDA:223,19,0,0
BRDA:223,19,1,0
BRDA:230,20,0,0
BRDA:230,20,1,0
BRDA:243,21,0,0
BRDA:257,22,0,0
BRDA:262,23,0,0
BRDA:262,23,1,0
BRF:40
BRH:0
end_of_record
TN:
SF:src\services\pdf.service.ts
FN:24,(anonymous_1)
FN:49,(anonymous_2)
FN:87,(anonymous_3)
FN:136,(anonymous_4)
FN:154,(anonymous_5)
FN:159,(anonymous_6)
FNF:6
FNH:0
FNDA:0,(anonymous_1)
FNDA:0,(anonymous_2)
FNDA:0,(anonymous_3)
FNDA:0,(anonymous_4)
FNDA:0,(anonymous_5)
FNDA:0,(anonymous_6)
DA:3,0
DA:7,0
DA:8,0
DA:10,0
DA:26,0
DA:27,0
DA:31,0
DA:32,0
DA:36,0
DA:37,0
DA:41,0
DA:42,0
DA:50,0
DA:54,0
DA:57,0
DA:60,0
DA:64,0
DA:65,0
DA:69,0
DA:70,0
DA:73,0
DA:75,0
DA:76,0
DA:78,0
DA:80,0
DA:88,0
DA:89,0
DA:91,0
DA:94,0
DA:97,0
DA:98,0
DA:101,0
DA:102,0
DA:105,0
DA:107,0
DA:122,0
DA:125,0
DA:126,0
DA:129,0
DA:137,0
DA:138,0
DA:140,0
DA:143,0
DA:146,0
DA:149,0
DA:150,0
DA:155,0
DA:156,0
DA:160,0
DA:161,0
DA:165,0
LF:51
LH:0
BRDA:26,0,0,0
BRDA:31,1,0,0
BRDA:31,2,0,0
BRDA:31,2,1,0
BRDA:36,3,0,0
BRDA:36,4,0,0
BRDA:36,4,1,0
BRDA:41,5,0,0
BRDA:41,5,1,0
BRDA:64,6,0,0
BRDA:64,7,0,0
BRDA:64,7,1,0
BRDA:69,8,0,0
BRDA:69,9,0,0
BRDA:69,9,1,0
BRDA:75,10,0,0
BRDA:91,11,0,0
BRDA:97,12,0,0
BRDA:97,12,1,0
BRDA:98,13,0,0
BRDA:98,13,1,0
BRDA:101,14,0,0
BRDA:101,15,0,0
BRDA:101,15,1,0
BRDA:110,16,0,0
BRDA:110,16,1,0
BRDA:125,17,0,0
BRDA:140,18,0,0
BRF:28
BRH:0
end_of_record
TN:
SF:src\services\quizGeneration.service.ts
FN:24,(anonymous_1)
FN:67,(anonymous_2)
FN:177,(anonymous_3)
FN:212,(anonymous_4)
FN:249,(anonymous_5)
FN:263,(anonymous_6)
FN:277,(anonymous_7)
FNF:7
FNH:0
FNDA:0,(anonymous_1)
FNDA:0,(anonymous_2)
FNDA:0,(anonymous_3)
FNDA:0,(anonymous_4)
FNDA:0,(anonymous_5)
FNDA:0,(anonymous_6)
FNDA:0,(anonymous_7)
DA:1,1
DA:32,0
DA:39,0
DA:41,0
DA:52,0
DA:55,0
DA:57,0
DA:59,0
DA:60,0
DA:77,0
DA:81,0
DA:84,0
DA:88,0
DA:92,0
DA:182,0
DA:183,0
DA:186,0
DA:187,0
DA:189,0
DA:191,0
DA:192,0
DA:193,0
DA:197,0
DA:198,0
DA:199,0
DA:200,0
DA:204,0
DA:205,0
DA:210,0
DA:211,0
DA:212,0
DA:214,0
DA:215,0
DA:218,0
DA:223,0
DA:224,0
DA:225,0
DA:229,0
DA:239,0
DA:240,0
DA:243,0
DA:253,0
DA:267,0
DA:282,0
DA:290,1
LF:45
LH:2
BRDA:27,0,0,0
BRDA:34,1,0,0
BRDA:35,2,0,0
BRDA:36,3,0,0
BRDA:37,4,0,0
BRDA:77,5,0,0
BRDA:77,5,1,0
BRDA:84,6,0,0
BRDA:84,6,1,0
BRDA:88,7,0,0
BRDA:88,7,1,0
BRDA:182,8,0,0
BRDA:182,9,0,0
BRDA:182,9,1,0
BRDA:186,10,0,0
BRDA:186,10,1,0
BRDA:191,11,0,0
BRDA:191,12,0,0
BRDA:191,12,1,0
BRDA:191,12,2,0
BRDA:191,12,3,0
BRDA:198,13,0,0
BRDA:205,14,0,0
BRDA:205,14,1,0
BRDA:211,15,0,0
BRDA:214,16,0,0
BRDA:214,17,0,0
BRDA:214,17,1,0
BRDA:214,17,2,0
BRDA:223,18,0,0
BRDA:234,19,0,0
BRDA:234,19,1,0
BRDA:239,20,0,0
BRF:33
BRH:0
end_of_record
TN:
SF:src\services\quota.service.ts
FN:5,(anonymous_0)
FN:16,checkQuota
FN:37,incrementQuota
FNF:3
FNH:0
FNDA:0,(anonymous_0)
FNDA:0,checkQuota
FNDA:0,incrementQuota
DA:1,1
DA:2,1
DA:4,1
DA:5,0
DA:6,0
DA:7,0
DA:16,1
DA:20,0
DA:22,0
DA:23,0
DA:25,0
DA:26,0
DA:28,0
DA:37,1
DA:38,0
DA:39,0
DA:43,0
DA:45,0
DA:47,0
DA:48,0
DA:52,0
DA:58,0
LF:22
LH:5
BRDA:20,0,0,0
BRDA:22,1,0,0
BRDA:22,1,1,0
BRDA:23,2,0,0
BRDA:25,3,0,0
BRDA:25,3,1,0
BRDA:26,4,0,0
BRDA:43,5,0,0
BRDA:43,6,0,0
BRDA:43,6,1,0
BRDA:45,7,0,0
BRDA:45,7,1,0
BRDA:47,8,0,0
BRDA:47,8,1,0
BRF:14
BRH:0
end_of_record
TN:
SF:src\services\storage.service.ts
FN:11,(anonymous_9)
FN:33,(anonymous_10)
FN:58,(anonymous_11)
FN:72,(anonymous_12)
FN:107,(anonymous_13)
FN:139,(anonymous_14)
FN:149,(anonymous_15)
FN:150,(anonymous_16)
FN:151,(anonymous_17)
FN:163,(anonymous_18)
FN:177,(anonymous_19)
FN:191,(anonymous_20)
FN:209,(anonymous_21)
FN:223,(anonymous_22)
FN:229,(anonymous_23)
FN:230,(anonymous_24)
FN:233,(anonymous_25)
FN:245,(anonymous_26)
FNF:18
FNH:0
FNDA:0,(anonymous_9)
FNDA:0,(anonymous_10)
FNDA:0,(anonymous_11)
FNDA:0,(anonymous_12)
FNDA:0,(anonymous_13)
FNDA:0,(anonymous_14)
FNDA:0,(anonymous_15)
FNDA:0,(anonymous_16)
FNDA:0,(anonymous_17)
FNDA:0,(anonymous_18)
FNDA:0,(anonymous_19)
FNDA:0,(anonymous_20)
FNDA:0,(anonymous_21)
FNDA:0,(anonymous_22)
FNDA:0,(anonymous_23)
FNDA:0,(anonymous_24)
FNDA:0,(anonymous_25)
FNDA:0,(anonymous_26)
DA:3,0
DA:9,0
DA:12,0
DA:13,0
DA:15,0
DA:16,0
DA:17,0
DA:18,0
DA:21,0
DA:29,0
DA:30,0
DA:34,0
DA:36,0
DA:38,0
DA:39,0
DA:40,0
DA:41,0
DA:43,0
DA:46,0
DA:47,0
DA:49,0
DA:59,0
DA:61,0
DA:62,0
DA:65,0
DA:77,0
DA:78,0
DA:81,0
DA:84,0
DA:86,0
DA:97,0
DA:99,0
DA:100,0
DA:113,0
DA:114,0
DA:116,0
DA:117,0
DA:119,0
DA:129,0
DA:131,0
DA:132,0
DA:140,0
DA:141,0
DA:143,0
DA:144,0
DA:146,0
DA:147,0
DA:149,0
DA:150,0
DA:151,0
DA:152,0
DA:155,0
DA:156,0
DA:164,0
DA:165,0
DA:166,0
DA:167,0
DA:169,0
DA:170,0
DA:178,0
DA:179,0
DA:180,0
DA:181,0
DA:183,0
DA:184,0
DA:192,0
DA:193,0
DA:194,0
DA:195,0
DA:201,0
DA:202,0
DA:210,0
DA:211,0
DA:212,0
DA:213,0
DA:215,0
DA:216,0
DA:224,0
DA:225,0
DA:226,0
DA:227,0
DA:229,0
DA:230,0
DA:231,0
DA:233,0
DA:234,0
DA:237,0
DA:238,0
DA:246,0
DA:247,0
DA:248,0
DA:249,0
DA:250,0
DA:252,0
DA:253,0
DA:260,0
DA:262,0
DA:263,0
DA:268,0
LF:99
LH:0
BRDA:9,0,0,0
BRDA:9,0,1,0
BRDA:15,1,0,0
BRDA:15,2,0,0
BRDA:15,2,1,0
BRDA:22,3,0,0
BRDA:22,3,1,0
BRDA:23,4,0,0
BRDA:23,4,1,0
BRDA:36,5,0,0
BRDA:39,6,0,0
BRDA:39,6,1,0
BRDA:46,7,0,0
BRDA:46,7,1,0
BRDA:61,8,0,0
BRDA:78,9,0,0
BRDA:114,10,0,0
BRDA:141,11,0,0
BRDA:165,12,0,0
BRDA:179,13,0,0
BRDA:191,14,0,0
BRDA:193,15,0,0
BRDA:211,16,0,0
BRDA:223,17,0,0
BRDA:225,18,0,0
BRDA:231,19,0,0
BRDA:247,20,0,0
BRF:27
BRH:0
end_of_record
TN:
SF:src\services\transcription.service.ts
FN:17,ensureMongooseConnected
FN:19,(anonymous_11)
FN:20,(anonymous_12)
FN:21,(anonymous_13)
FN:22,(anonymous_14)
FN:33,convertAudioToMp3
FN:34,(anonymous_16)
FN:55,(anonymous_17)
FN:72,(anonymous_18)
FN:107,extractSubtitlesViaYtDlp
FN:110,(anonymous_20)
FN:135,(anonymous_21)
FN:141,(anonymous_22)
FN:145,(anonymous_23)
FN:150,(anonymous_24)
FN:166,(anonymous_25)
FN:185,(anonymous_26)
FN:205,extractAudioAndStreamToMinIO
FN:212,(anonymous_28)
FN:236,(anonymous_29)
FN:242,(anonymous_30)
FN:247,(anonymous_31)
FN:252,(anonymous_32)
FN:285,splitAudioIntoChunks
FN:286,(anonymous_34)
FN:319,(anonymous_35)
FN:326,(anonymous_36)
FN:334,(anonymous_37)
FN:340,(anonymous_38)
FN:351,(anonymous_39)
FN:353,(anonymous_40)
FN:373,transcribeInChunks
FN:431,processAudioNote
FN:458,(anonymous_43)
FN:494,processYouTubeNote
FN:565,transcribeBuffer
FN:624,getMimeTypeFromFilename
FN:640,(anonymous_47)
FN:651,(anonymous_48)
FN:667,(anonymous_49)
FN:671,(anonymous_50)
FN:676,(anonymous_51)
FN:682,(anonymous_52)
FN:687,(anonymous_53)
FNF:44
FNH:0
FNDA:0,ensureMongooseConnected
FNDA:0,(anonymous_11)
FNDA:0,(anonymous_12)
FNDA:0,(anonymous_13)
FNDA:0,(anonymous_14)
FNDA:0,convertAudioToMp3
FNDA:0,(anonymous_16)
FNDA:0,(anonymous_17)
FNDA:0,(anonymous_18)
FNDA:0,extractSubtitlesViaYtDlp
FNDA:0,(anonymous_20)
FNDA:0,(anonymous_21)
FNDA:0,(anonymous_22)
FNDA:0,(anonymous_23)
FNDA:0,(anonymous_24)
FNDA:0,(anonymous_25)
FNDA:0,(anonymous_26)
FNDA:0,extractAudioAndStreamToMinIO
FNDA:0,(anonymous_28)
FNDA:0,(anonymous_29)
FNDA:0,(anonymous_30)
FNDA:0,(anonymous_31)
FNDA:0,(anonymous_32)
FNDA:0,splitAudioIntoChunks
FNDA:0,(anonymous_34)
FNDA:0,(anonymous_35)
FNDA:0,(anonymous_36)
FNDA:0,(anonymous_37)
FNDA:0,(anonymous_38)
FNDA:0,(anonymous_39)
FNDA:0,(anonymous_40)
FNDA:0,transcribeInChunks
FNDA:0,processAudioNote
FNDA:0,(anonymous_43)
FNDA:0,processYouTubeNote
FNDA:0,transcribeBuffer
FNDA:0,getMimeTypeFromFilename
FNDA:0,(anonymous_47)
FNDA:0,(anonymous_48)
FNDA:0,(anonymous_49)
FNDA:0,(anonymous_50)
FNDA:0,(anonymous_51)
FNDA:0,(anonymous_52)
FNDA:0,(anonymous_53)
DA:1,0
DA:2,0
DA:3,0
DA:4,0
DA:5,0
DA:6,0
DA:7,0
DA:8,0
DA:9,0
DA:10,0
DA:11,0
DA:14,0
DA:18,0
DA:19,0
DA:20,0
DA:21,0
DA:22,0
DA:26,0
DA:27,0
DA:28,0
DA:34,0
DA:35,0
DA:36,0
DA:37,0
DA:39,0
DA:40,0
DA:42,0
DA:45,0
DA:55,0
DA:56,0
DA:58,0
DA:59,0
DA:60,0
DA:61,0
DA:62,0
DA:64,0
DA:67,0
DA:68,0
DA:72,0
DA:73,0
DA:74,0
DA:107,0
DA:108,0
DA:110,0
DA:111,0
DA:113,0
DA:116,0
DA:119,0
DA:135,0
DA:136,0
DA:137,0
DA:140,0
DA:141,0
DA:142,0
DA:145,0
DA:146,0
DA:147,0
DA:150,0
DA:151,0
DA:152,0
DA:153,0
DA:155,0
DA:161,0
DA:162,0
DA:163,0
DA:164,0
DA:165,0
DA:166,0
DA:167,0
DA:170,0
DA:171,0
DA:174,0
DA:175,0
DA:176,0
DA:178,0
DA:179,0
DA:180,0
DA:182,0
DA:183,0
DA:184,0
DA:185,0
DA:189,0
DA:192,0
DA:193,0
DA:194,0
DA:196,0
DA:197,0
DA:206,0
DA:207,0
DA:208,0
DA:209,0
DA:212,0
DA:214,0
DA:215,0
DA:217,0
DA:236,0
DA:237,0
DA:238,0
DA:241,0
DA:242,0
DA:243,0
DA:244,0
DA:247,0
DA:248,0
DA:249,0
DA:252,0
DA:253,0
DA:254,0
DA:255,0
DA:257,0
DA:263,0
DA:264,0
DA:265,0
DA:266,0
DA:269,0
DA:286,0
DA:287,0
DA:288,0
DA:289,0
DA:290,0
DA:291,0
DA:293,0
DA:297,0
DA:298,0
DA:300,0
DA:303,0
DA:305,0
DA:319,0
DA:320,0
DA:321,0
DA:322,0
DA:325,0
DA:326,0
DA:327,0
DA:328,0
DA:329,0
DA:330,0
DA:334,0
DA:335,0
DA:336,0
DA:337,0
DA:340,0
DA:341,0
DA:342,0
DA:344,0
DA:345,0
DA:350,0
DA:351,0
DA:353,0
DA:355,0
DA:357,0
DA:358,0
DA:361,0
DA:378,0
DA:379,0
DA:380,0
DA:381,0
DA:386,0
DA:388,0
DA:389,0
DA:391,0
DA:392,0
DA:393,0
DA:394,0
DA:395,0
DA:400,0
DA:401,0
DA:404,0
DA:405,0
DA:408,0
DA:411,0
DA:412,0
DA:415,0
DA:418,0
DA:419,0
DA:420,0
DA:421,0
DA:431,0
DA:437,0
DA:438,0
DA:439,0
DA:441,0
DA:442,0
DA:446,0
DA:447,0
DA:448,0
DA:449,0
DA:453,0
DA:454,0
DA:457,0
DA:458,0
DA:459,0
DA:460,0
DA:463,0
DA:464,0
DA:467,0
DA:469,0
DA:471,0
DA:472,0
DA:473,0
DA:474,0
DA:475,0
DA:477,0
DA:479,0
DA:480,0
DA:481,0
DA:482,0
DA:483,0
DA:484,0
DA:486,0
DA:487,0
DA:488,0
DA:490,0
DA:494,0
DA:495,0
DA:496,0
DA:497,0
DA:501,0
DA:503,0
DA:504,0
DA:505,0
DA:507,0
DA:510,0
DA:511,0
DA:515,0
DA:518,0
DA:519,0
DA:520,0
DA:522,0
DA:524,0
DA:525,0
DA:528,0
DA:531,0
DA:532,0
DA:533,0
DA:535,0
DA:542,0
DA:543,0
DA:544,0
DA:545,0
DA:546,0
DA:549,0
DA:550,0
DA:551,0
DA:554,0
DA:555,0
DA:557,0
DA:571,0
DA:572,0
DA:576,0
DA:587,0
DA:588,0
DA:589,0
DA:590,0
DA:592,0
DA:593,0
DA:597,0
DA:598,0
DA:600,0
DA:601,0
DA:604,0
DA:606,0
DA:616,0
DA:617,0
DA:625,0
DA:626,0
DA:636,0
DA:644,0
DA:645,0
DA:646,0
DA:647,0
DA:648,0
DA:658,0
DA:659,0
DA:660,0
DA:662,0
DA:664,0
DA:668,0
DA:672,0
DA:677,0
DA:678,0
DA:683,0
DA:684,0
DA:688,0
DA:692,0
LF:285
LH:0
BRDA:18,0,0,0
BRDA:26,1,0,0
BRDA:26,1,1,0
BRDA:33,2,0,0
BRDA:58,3,0,0
BRDA:58,3,1,0
BRDA:152,4,0,0
BRDA:152,4,1,0
BRDA:152,5,0,0
BRDA:152,5,1,0
BRDA:166,6,0,0
BRDA:166,6,1,0
BRDA:167,7,0,0
BRDA:170,8,0,0
BRDA:179,9,0,0
BRDA:179,9,1,0
BRDA:183,10,0,0
BRDA:185,11,0,0
BRDA:185,11,1,0
BRDA:189,12,0,0
BRDA:189,13,0,0
BRDA:189,13,1,0
BRDA:193,14,0,0
BRDA:196,15,0,0
BRDA:215,16,0,0
BRDA:215,16,1,0
BRDA:254,17,0,0
BRDA:254,17,1,0
BRDA:254,18,0,0
BRDA:254,18,1,0
BRDA:328,19,0,0
BRDA:344,20,0,0
BRDA:351,21,0,0
BRDA:351,21,1,0
BRDA:357,22,0,0
BRDA:386,23,0,0
BRDA:400,24,0,0
BRDA:439,25,0,0
BRDA:453,26,0,0
BRDA:453,26,1,0
BRDA:457,27,0,0
BRDA:457,27,1,0
BRDA:467,28,0,0
BRDA:479,29,0,0
BRDA:479,29,1,0
BRDA:479,29,2,0
BRDA:480,30,0,0
BRDA:480,30,1,0
BRDA:481,31,0,0
BRDA:481,31,1,0
BRDA:497,32,0,0
BRDA:524,33,0,0
BRDA:542,34,0,0
BRDA:542,34,1,0
BRDA:542,34,2,0
BRDA:543,35,0,0
BRDA:543,35,1,0
BRDA:544,36,0,0
BRDA:544,36,1,0
BRDA:554,37,0,0
BRDA:568,38,0,0
BRDA:569,39,0,0
BRDA:571,40,0,0
BRDA:589,41,0,0
BRDA:589,41,1,0
BRDA:600,42,0,0
BRDA:604,43,0,0
BRDA:604,43,1,0
BRDA:617,44,0,0
BRDA:617,44,1,0
BRDA:636,45,0,0
BRDA:636,45,1,0
BRDA:636,46,0,0
BRDA:636,46,1,0
BRDA:642,47,0,0
BRDA:645,48,0,0
BRDA:645,48,1,0
BRDA:653,49,0,0
BRDA:654,50,0,0
BRDA:655,51,0,0
BRDA:658,52,0,0
BRDA:658,52,1,0
BRDA:659,53,0,0
BRDA:659,53,1,0
BRF:84
BRH:0
end_of_record
TN:
SF:src\services\translation.service.ts
FN:17,(anonymous_0)
FN:42,(anonymous_1)
FN:151,(anonymous_2)
FN:196,(anonymous_3)
FN:206,(anonymous_4)
FN:208,(anonymous_5)
FN:244,(anonymous_6)
FNF:7
FNH:0
FNDA:0,(anonymous_0)
FNDA:0,(anonymous_1)
FNDA:0,(anonymous_2)
FNDA:0,(anonymous_3)
FNDA:0,(anonymous_4)
FNDA:0,(anonymous_5)
FNDA:0,(anonymous_6)
DA:1,0
DA:9,0
DA:10,0
DA:19,0
DA:20,0
DA:21,0
DA:23,0
DA:24,0
DA:26,0
DA:27,0
DA:30,0
DA:31,0
DA:32,0
DA:33,0
DA:47,0
DA:48,0
DA:49,0
DA:53,0
DA:55,0
DA:56,0
DA:59,0
DA:60,0
DA:61,0
DA:62,0
DA:63,0
DA:70,0
DA:71,0
DA:74,0
DA:75,0
DA:77,0
DA:78,0
DA:79,0
DA:83,0
DA:85,0
DA:88,0
DA:89,0
DA:91,0
DA:97,0
DA:99,0
DA:107,0
DA:108,0
DA:111,0
DA:112,0
DA:114,0
DA:116,0
DA:117,0
DA:120,0
DA:122,0
DA:128,0
DA:134,0
DA:135,0
DA:137,0
DA:138,0
DA:139,0
DA:141,0
DA:144,0
DA:152,0
DA:153,0
DA:156,0
DA:157,0
DA:159,0
DA:161,0
DA:162,0
DA:164,0
DA:166,0
DA:167,0
DA:168,0
DA:169,0
DA:173,0
DA:174,0
DA:175,0
DA:176,0
DA:177,0
DA:183,0
DA:184,0
DA:185,0
DA:187,0
DA:190,0
DA:201,0
DA:203,0
DA:204,0
DA:206,0
DA:207,0
DA:208,0
DA:209,0
DA:210,0
DA:214,0
DA:217,0
DA:218,0
DA:220,0
DA:221,0
DA:222,0
DA:224,0
DA:226,0
DA:233,0
DA:234,0
DA:237,0
DA:239,0
DA:240,0
DA:243,0
DA:244,0
DA:245,0
DA:248,0
DA:252,0
DA:253,0
DA:256,0
DA:257,0
DA:258,0
DA:259,0
DA:260,0
DA:262,0
DA:266,0
DA:269,0
DA:270,0
DA:271,0
DA:272,0
DA:273,0
DA:274,0
DA:280,0
DA:281,0
DA:283,0
DA:289,0
DA:290,0
DA:292,0
DA:294,0
DA:295,0
DA:297,0
DA:300,0
DA:306,0
LF:129
LH:0
BRDA:20,0,0,0
BRDA:20,0,1,0
BRDA:23,1,0,0
BRDA:26,2,0,0
BRDA:48,3,0,0
BRDA:48,4,0,0
BRDA:48,4,1,0
BRDA:55,5,0,0
BRDA:55,5,1,0
BRDA:70,6,0,0
BRDA:77,7,0,0
BRDA:107,8,0,0
BRDA:116,9,0,0
BRDA:124,10,0,0
BRDA:124,10,1,0
BRDA:134,11,0,0
BRDA:134,12,0,0
BRDA:134,12,1,0
BRDA:137,13,0,0
BRDA:137,14,0,0
BRDA:137,14,1,0
BRDA:138,15,0,0
BRDA:151,16,0,0
BRDA:152,17,0,0
BRDA:164,18,0,0
BRDA:167,19,0,0
BRDA:173,20,0,0
BRDA:175,21,0,0
BRDA:184,22,0,0
BRDA:233,23,0,0
BRDA:239,24,0,0
BRDA:239,25,0,0
BRDA:239,25,1,0
BRDA:245,26,0,0
BRDA:245,26,1,0
BRDA:258,27,0,0
BRDA:259,28,0,0
BRDA:262,29,0,0
BRDA:262,29,1,0
BRDA:270,30,0,0
BRDA:270,30,1,0
BRDA:276,31,0,0
BRDA:276,31,1,0
BRDA:289,32,0,0
BRDA:289,33,0,0
BRDA:289,33,1,0
BRDA:292,34,0,0
BRDA:292,35,0,0
BRDA:292,35,1,0
BRDA:294,36,0,0
BRF:50
BRH:0
end_of_record
TN:
SF:src\services\vectorDb.service.ts
FN:16,(anonymous_0)
FN:24,(anonymous_1)
FN:27,(anonymous_2)
FN:40,(anonymous_3)
FN:47,(anonymous_4)
FN:69,(anonymous_5)
FN:78,(anonymous_6)
FN:104,(anonymous_7)
FN:124,(anonymous_8)
FN:125,(anonymous_9)
FN:146,(anonymous_10)
FN:166,(anonymous_11)
FN:183,(anonymous_12)
FN:201,(anonymous_13)
FN:213,(anonymous_14)
FNF:15
FNH:3
FNDA:1,(anonymous_0)
FNDA:1,(anonymous_1)
FNDA:0,(anonymous_2)
FNDA:0,(anonymous_3)
FNDA:1,(anonymous_4)
FNDA:0,(anonymous_5)
FNDA:0,(anonymous_6)
FNDA:0,(anonymous_7)
FNDA:0,(anonymous_8)
FNDA:0,(anonymous_9)
FNDA:0,(anonymous_10)
FNDA:0,(anonymous_11)
FNDA:0,(anonymous_12)
FNDA:0,(anonymous_13)
FNDA:0,(anonymous_14)
DA:1,1
DA:2,1
DA:13,1
DA:17,1
DA:18,1
DA:23,1
DA:25,1
DA:28,0
DA:29,0
DA:32,0
DA:33,0
DA:41,0
DA:48,1
DA:49,1
DA:50,1
DA:53,0
DA:55,0
DA:62,0
DA:75,0
DA:76,0
DA:78,0
DA:89,0
DA:94,0
DA:96,0
DA:97,0
DA:110,0
DA:111,0
DA:113,0
DA:123,0
DA:124,0
DA:125,0
DA:134,0
DA:136,0
DA:138,0
DA:139,0
DA:147,0
DA:148,0
DA:150,0
DA:156,0
DA:158,0
DA:159,0
DA:167,0
DA:168,0
DA:169,0
DA:175,0
DA:176,0
DA:184,0
DA:185,0
DA:191,0
DA:193,0
DA:194,0
DA:202,0
DA:203,0
DA:204,0
DA:206,0
DA:214,0
DA:215,0
DA:216,0
DA:218,0
DA:219,0
DA:224,1
LF:61
LH:11
BRDA:19,0,0,1
BRDA:19,0,1,0
BRDA:73,1,0,0
BRDA:107,2,0,0
BRDA:108,3,0,0
BRDA:126,4,0,0
BRDA:126,4,1,0
BRDA:127,5,0,0
BRDA:127,5,1,0
BRDA:128,6,0,0
BRDA:128,6,1,0
BRDA:131,7,0,0
BRDA:131,7,1,0
BRDA:171,8,0,0
BRDA:171,8,1,0
BRDA:191,9,0,0
BRDA:191,9,1,0
BRF:17
BRH:1
end_of_record
TN:
SF:src\services\youtube.service.ts
FN:29,(anonymous_1)
FN:51,(anonymous_2)
FN:72,(anonymous_3)
FN:89,(anonymous_4)
FN:112,(anonymous_5)
FN:126,(anonymous_6)
FN:156,(anonymous_7)
FN:168,(anonymous_8)
FN:177,(anonymous_9)
FN:181,(anonymous_10)
FN:186,(anonymous_11)
FNF:11
FNH:0
FNDA:0,(anonymous_1)
FNDA:0,(anonymous_2)
FNDA:0,(anonymous_3)
FNDA:0,(anonymous_4)
FNDA:0,(anonymous_5)
FNDA:0,(anonymous_6)
FNDA:0,(anonymous_7)
FNDA:0,(anonymous_8)
FNDA:0,(anonymous_9)
FNDA:0,(anonymous_10)
FNDA:0,(anonymous_11)
DA:1,1
DA:2,1
DA:30,0
DA:32,0
DA:36,0
DA:37,0
DA:38,0
DA:41,0
DA:42,0
DA:44,0
DA:52,0
DA:53,0
DA:55,0
DA:56,0
DA:59,0
DA:60,0
DA:61,0
DA:64,0
DA:66,0
DA:67,0
DA:71,0
DA:72,0
DA:78,0
DA:79,0
DA:83,0
DA:85,0
DA:89,0
DA:97,0
DA:98,0
DA:101,0
DA:106,0
DA:110,0
DA:111,0
DA:112,0
DA:119,0
DA:127,0
DA:128,0
DA:129,0
DA:131,0
DA:133,0
DA:134,0
DA:137,0
DA:139,0
DA:148,0
DA:149,0
DA:157,0
DA:158,0
DA:159,0
DA:160,0
DA:161,0
DA:162,0
DA:169,0
DA:170,0
DA:171,0
DA:172,0
DA:173,0
DA:174,0
DA:178,0
DA:185,0
DA:186,0
DA:189,0
DA:193,1
LF:62
LH:3
BRDA:30,0,0,0
BRDA:38,1,0,0
BRDA:42,2,0,0
BRDA:51,3,0,0
BRDA:55,4,0,0
BRDA:55,5,0,0
BRDA:55,5,1,0
BRDA:66,6,0,0
BRDA:66,7,0,0
BRDA:66,7,1,0
BRDA:79,8,0,0
BRDA:79,8,1,0
BRDA:101,9,0,0
BRDA:102,10,0,0
BRDA:102,10,1,0
BRDA:102,10,2,0
BRDA:110,11,0,0
BRDA:119,12,0,0
BRDA:119,12,1,0
BRDA:129,13,0,0
BRDA:141,14,0,0
BRDA:141,14,1,0
BRDA:145,15,0,0
BRDA:145,15,1,0
BRDA:158,16,0,0
BRDA:159,17,0,0
BRDA:159,17,1,0
BRDA:160,18,0,0
BRDA:160,18,1,0
BRDA:161,19,0,0
BRDA:161,19,1,0
BRDA:172,20,0,0
BRDA:173,21,0,0
BRF:33
BRH:0
end_of_record
TN:
SF:src\utils\htmlToPlainText.ts
FN:5,htmlToPlainText
FN:31,decodeHTMLEntities
FN:41,(anonymous_2)
FNF:3
FNH:0
FNDA:0,htmlToPlainText
FNDA:0,decodeHTMLEntities
FNDA:0,(anonymous_2)
DA:5,0
DA:6,0
DA:8,0
DA:11,0
DA:14,0
DA:17,0
DA:20,0
DA:23,0
DA:25,0
DA:32,0
DA:41,0
LF:11
LH:0
BRDA:6,0,0,0
BRDA:41,1,0,0
BRDA:41,1,1,0
BRF:3
BRH:0
end_of_record
TN:
SF:src\utils\jsonParser.ts
FN:1,safeParseJSON
FN:23,(anonymous_1)
FNF:2
FNH:0
FNDA:0,safeParseJSON
FNDA:0,(anonymous_1)
DA:1,0
DA:2,0
DA:5,0
DA:8,0
DA:9,0
DA:10,0
DA:14,0
DA:15,0
DA:21,0
DA:23,0
DA:25,0
DA:26,0
DA:29,0
LF:13
LH:0
BRDA:9,0,0,0
BRF:1
BRH:0
end_of_record
TN:
SF:src\utils\jwt.ts
FN:10,(anonymous_1)
FN:16,(anonymous_2)
FN:22,(anonymous_3)
FN:26,(anonymous_4)
FN:30,(anonymous_5)
FNF:5
FNH:4
FNDA:7,(anonymous_1)
FNDA:6,(anonymous_2)
FNDA:8,(anonymous_3)
FNDA:0,(anonymous_4)
FNDA:6,(anonymous_5)
DA:1,1
DA:10,1
DA:11,7
DA:12,7
DA:13,7
DA:16,1
DA:17,6
DA:18,6
DA:19,6
DA:22,1
DA:23,8
DA:26,1
DA:27,0
DA:30,6
LF:14
LH:13
BRDA:12,0,0,7
BRDA:12,0,1,0
BRDA:18,1,0,6
BRDA:18,1,1,0
BRF:4
BRH:2
end_of_record
TN:
SF:src\utils\passwordValidator.ts
FN:17,(anonymous_0)
FN:54,(anonymous_1)
FNF:2
FNH:1
FNDA:6,(anonymous_0)
FNDA:0,(anonymous_1)
DA:17,1
DA:18,6
DA:21,6
DA:22,0
DA:26,6
DA:27,0
DA:31,6
DA:32,0
DA:36,6
DA:37,0
DA:41,6
DA:42,0
DA:45,6
DA:54,1
DA:55,0
DA:57,0
DA:58,0
DA:59,0
DA:60,0
DA:61,0
DA:62,0
DA:64,0
DA:65,0
DA:66,0
LF:24
LH:9
BRDA:21,0,0,0
BRDA:26,1,0,0
BRDA:31,2,0,0
BRDA:36,3,0,0
BRDA:41,4,0,0
BRDA:57,5,0,0
BRDA:58,6,0,0
BRDA:59,7,0,0
BRDA:60,8,0,0
BRDA:61,9,0,0
BRDA:62,10,0,0
BRDA:64,11,0,0
BRDA:65,12,0,0
BRF:13
BRH:0
end_of_record
TN:
SF:src\utils\response.ts
FN:12,(anonymous_0)
FN:23,(anonymous_1)
FN:32,(anonymous_2)
FNF:3
FNH:1
FNDA:6,(anonymous_0)
FNDA:0,(anonymous_1)
FNDA:0,(anonymous_2)
DA:12,1
DA:16,6
DA:23,1
DA:26,0
DA:32,1
DA:38,0
DA:52,1
LF:7
LH:5
BRF:0
BRH:0
end_of_record
TN:
SF:src\worker\transcription.worker.ts
FN:13,(anonymous_1)
FN:26,(anonymous_2)
FN:27,(anonymous_3)
FN:28,(anonymous_4)
FN:31,(anonymous_5)
FNF:5
FNH:0
FNDA:0,(anonymous_1)
FNDA:0,(anonymous_2)
FNDA:0,(anonymous_3)
FNDA:0,(anonymous_4)
FNDA:0,(anonymous_5)
DA:1,0
DA:2,0
DA:3,0
DA:6,0
DA:10,0
DA:14,0
DA:15,0
DA:16,0
DA:18,0
DA:19,0
DA:26,0
DA:27,0
DA:28,0
DA:31,0
DA:32,0
DA:33,0
DA:36,0
LF:17
LH:0
BRDA:14,0,0,0
BRF:1
BRH:0
end_of_record
